"../../../../../Bachelorarbeit Mathias/Bachelorarbeit/Weinhofer_LFB/Content/Maps/Factory/Office/Blueprints/Decorations/KalenderTextur.uasset" 0
"../../../../../Bachelorarbeit Mathias/Bachelorarbeit/Weinhofer_LFB/Content/Maps/Factory/Office/Blueprints/Decorations/M_Calendar.uasset" 1
"../../../Engine/Content/Functions/Engine_MaterialFunctions01/Opacity/CameraDepthFade.uasset" 2
"../../../Engine/Content/EngineMaterials/T_Default_Material_Grid_M.uasset" 3
"../../../Engine/Content/EngineMaterials/T_Default_Material_Grid_N.uasset" 4
"../../../Engine/Content/EngineMaterials/WorldGridMaterial.uasset" 5
"../../../Engine/Content/BasicShapes/Cube.uasset" 6
"../../../../../Bachelorarbeit Mathias/Bachelorarbeit/Weinhofer_LFB/Content/Maps/Factory/Office/Blueprints/Decorations/BP_Calendar.uasset" 7
"../../../../../Bachelorarbeit Mathias/Bachelorarbeit/Weinhofer_LFB/Content/Maps/Factory/Office/Blueprints/BP_Calendar.uasset" 8
"../../../../../Bachelorarbeit Mathias/Bachelorarbeit/Weinhofer_LFB/Content/Character/NPC/Mesh/Robot_Skeleton.uasset" 9
"../../../../../Bachelorarbeit Mathias/Bachelorarbeit/Weinhofer_LFB/Content/Character/NPC/Animations/Robot_Anim_Armature_Wave.uasset" 10
"../../../Engine/Content/EditorBlueprintResources/StandardMacros.uasset" 11
"../../../Engine/Content/Functions/Engine_MaterialFunctions02/ExampleContent/Textures/flipbook.uasset" 12
"../../../Engine/Content/Functions/Engine_MaterialFunctions02/Texturing/FlipBook.uasset" 13
"../../../../../Bachelorarbeit Mathias/Bachelorarbeit/Weinhofer_LFB/Content/Character/NPC/RobotEyesSpritesheet.uasset" 14
"../../../../../Bachelorarbeit Mathias/Bachelorarbeit/Weinhofer_LFB/Content/Character/NPC/M_RobotEyes.uasset" 15
"../../../Engine/Content/EditorMeshes/EditorPlane.uasset" 16
"../../../../../Bachelorarbeit Mathias/Bachelorarbeit/Weinhofer_LFB/Content/Character/NPC/BP_RobotEye.uasset" 17
"../../../../../Bachelorarbeit Mathias/Bachelorarbeit/Weinhofer_LFB/Content/Character/NPC/Mesh/RoboBasicTexture.uasset" 18
"../../../../../Bachelorarbeit Mathias/Bachelorarbeit/Weinhofer_LFB/Content/Character/NPC/Mesh/Material.uasset" 19
"../../../../../Bachelorarbeit Mathias/Bachelorarbeit/Weinhofer_LFB/Content/Character/NPC/Mesh/Robot_PhysicsAsset.uasset" 20
"../../../../../Bachelorarbeit Mathias/Bachelorarbeit/Weinhofer_LFB/Content/Character/NPC/Mesh/Robot.uasset" 21
"../../../../../Bachelorarbeit Mathias/Bachelorarbeit/Weinhofer_LFB/Content/Character/NPC/Dummybot.uasset" 22
"../../../../../Bachelorarbeit Mathias/Bachelorarbeit/Weinhofer_LFB/Content/Character/NPC/Animations/Robot_Anim_Armature_LookDown.uasset" 23
"../../../../../Bachelorarbeit Mathias/Bachelorarbeit/Weinhofer_LFB/Content/Character/NPC/Animations/Robot_Anim_Armature_LookLeft.uasset" 24
"../../../../../Bachelorarbeit Mathias/Bachelorarbeit/Weinhofer_LFB/Content/Character/NPC/Animations/Robot_Anim_Armature_LookRight.uasset" 25
"../../../../../Bachelorarbeit Mathias/Bachelorarbeit/Weinhofer_LFB/Content/Character/NPC/Animations/Robot_Anim_Armature_LookUp.uasset" 26
"../../../../../Bachelorarbeit Mathias/Bachelorarbeit/Weinhofer_LFB/Content/Character/NPC/Animations/Robot_Anim_Armature_Idle.uasset" 27
"../../../../../Bachelorarbeit Mathias/Bachelorarbeit/Weinhofer_LFB/Content/Character/NPC/Animations/Robot_Anim_Armature_Walk.uasset" 28
"../../../../../Bachelorarbeit Mathias/Bachelorarbeit/Weinhofer_LFB/Content/Character/NPC/Animations/Blendspaces/BS_StartStopWalking.uasset" 29
"../../../../../Bachelorarbeit Mathias/Bachelorarbeit/Weinhofer_LFB/Content/Character/NPC/ABP_Robot.uasset" 30
"../../../../../Bachelorarbeit Mathias/Bachelorarbeit/Weinhofer_LFB/Content/Character/NPC/Mesh/M_Armlet.uasset" 31
"../../../Engine/Content/EngineMaterials/DefaultMaterial.uasset" 32
"../../../Engine/Content/BasicShapes/Cylinder.uasset" 33
"../../../../../Bachelorarbeit Mathias/Bachelorarbeit/Weinhofer_LFB/Content/UI/Fonts/SourceSansPro-Black.uasset" 34
"../../../../../Bachelorarbeit Mathias/Bachelorarbeit/Weinhofer_LFB/Content/UI/Fonts/SourceSansPro-Black_Font.uasset" 35
"../../../../../Bachelorarbeit Mathias/Bachelorarbeit/Weinhofer_LFB/Content/Character/NPC/Mesh/WBP_RobotNr.uasset" 36
"../../../../../Bachelorarbeit Mathias/Bachelorarbeit/Weinhofer_LFB/Content/Character/NPC/Blueprint/ShowOffRobot.uasset" 37
"../../../../../Bachelorarbeit Mathias/Bachelorarbeit/Weinhofer_LFB/Content/Character/NPC/Blueprint/AI/BTTask_Test.uasset" 38
"../../../../../Bachelorarbeit Mathias/Bachelorarbeit/Weinhofer_LFB/Content/Character/NPC/Blueprint/AI/BTTask_TestBBEntryValidity.uasset" 39
"../../../../../Bachelorarbeit Mathias/Bachelorarbeit/Weinhofer_LFB/Content/Character/NPC/Mesh/Test.uasset" 40
"../../../../../Bachelorarbeit Mathias/Bachelorarbeit/Weinhofer_LFB/Content/StarterContent/Materials/M_Basic_Wall.uasset" 41
"../../../../../Bachelorarbeit Mathias/Bachelorarbeit/Weinhofer_LFB/Content/Character/Player/Factory/Controller/Shape_CylinderPointer.uasset" 42
"../../../../../Bachelorarbeit Mathias/Bachelorarbeit/Weinhofer_LFB/Content/Debug/DebugImages/Debug_Button_1.uasset" 43
"../../../../../Bachelorarbeit Mathias/Bachelorarbeit/Weinhofer_LFB/Content/Debug/DebugImages/Debug_Button_2.uasset" 44
"../../../../../Bachelorarbeit Mathias/Bachelorarbeit/Weinhofer_LFB/Content/Debug/DebugImages/Debug_Button_3.uasset" 45
"../../../../../Bachelorarbeit Mathias/Bachelorarbeit/Weinhofer_LFB/Content/Debug/WBP_DebugButton.uasset" 46
"../../../../../Bachelorarbeit Mathias/Bachelorarbeit/Weinhofer_LFB/Content/Debug/BP_DebugMenuHolder.uasset" 47
"../../../../../Bachelorarbeit Mathias/Bachelorarbeit/Weinhofer_LFB/Content/Base/Materials/M_ELaser.uasset" 48
"../../../../../Bachelorarbeit Mathias/Bachelorarbeit/Weinhofer_LFB/Content/Character/Player/MainMenu/Controller/MI_LaserPointer.uasset" 49
"../../../../../Bachelorarbeit Mathias/Bachelorarbeit/Weinhofer_LFB/Content/Debug/BP_DebugController.uasset" 50
"../../../../../Bachelorarbeit Mathias/Bachelorarbeit/Weinhofer_LFB/Content/Debug/BP_DebugPawn.uasset" 51
"../../../Engine/Content/VREditor/LaserPointer/VR_LaserPower_01.uasset" 52
"../../../Engine/Content/VREditor/LaserPointer/LaserPointerMaterial.uasset" 53
"../../../Engine/Content/VREditor/LaserPointer/LaserPointerMaterialInst.uasset" 54
"../../../../../Bachelorarbeit Mathias/Bachelorarbeit/Weinhofer_LFB/Content/Debug/MI_DebugControllerPointer.uasset" 55
"../../../../../Bachelorarbeit Mathias/Bachelorarbeit/Weinhofer_LFB/Content/Debug/DebugImages/Placeholder.uasset" 56
"../../../../../Bachelorarbeit Mathias/Bachelorarbeit/Weinhofer_LFB/Content/Character/Player/MainMenu/Controller/Shape_CylinderPointer.uasset" 57
"../../../../../Bachelorarbeit Mathias/Bachelorarbeit/Weinhofer_LFB/Content/Character/Player/MainMenu/Controller/BP_MainMenuController.uasset" 58
"../../../../../Bachelorarbeit Mathias/Bachelorarbeit/Weinhofer_LFB/Content/Character/Player/MainMenu/BP_MainMenuPawn.uasset" 59
"../../../../../Bachelorarbeit Mathias/Bachelorarbeit/Weinhofer_LFB/Content/GameModes/MainMenu_Mode_BP.uasset" 60
"../../../../../Bachelorarbeit Mathias/Bachelorarbeit/Weinhofer_LFB/Content/StarterContent/Architecture/Pillar_50x500.uasset" 61
"../../../../../Bachelorarbeit Mathias/Bachelorarbeit/Weinhofer_LFB/Content/StarterContent/Architecture/Wall_400x300.uasset" 62
"../../../../../Bachelorarbeit Mathias/Bachelorarbeit/Weinhofer_LFB/Content/StarterContent/Architecture/Wall_400x400.uasset" 63
"../../../../../Bachelorarbeit Mathias/Bachelorarbeit/Weinhofer_LFB/Content/StarterContent/Architecture/Wall_500x500.uasset" 64
"../../../../../Bachelorarbeit Mathias/Bachelorarbeit/Weinhofer_LFB/Content/StarterContent/Architecture/Wall_Door_400x400.uasset" 65
"../../../../../Bachelorarbeit Mathias/Bachelorarbeit/Weinhofer_LFB/Content/StarterContent/Architecture/Wall_Window_400x400.uasset" 66
"../../../../../Bachelorarbeit Mathias/Bachelorarbeit/Weinhofer_LFB/Content/StarterContent/Audio/Collapse01.uasset" 67
"../../../../../Bachelorarbeit Mathias/Bachelorarbeit/Weinhofer_LFB/Content/StarterContent/Audio/Collapse02.uasset" 68
"../../../../../Bachelorarbeit Mathias/Bachelorarbeit/Weinhofer_LFB/Content/StarterContent/Audio/Explosion01.uasset" 69
"../../../../../Bachelorarbeit Mathias/Bachelorarbeit/Weinhofer_LFB/Content/StarterContent/Audio/Explosion02.uasset" 70
"../../../../../Bachelorarbeit Mathias/Bachelorarbeit/Weinhofer_LFB/Content/StarterContent/Audio/Fire01.uasset" 71
"../../../../../Bachelorarbeit Mathias/Bachelorarbeit/Weinhofer_LFB/Content/StarterContent/Audio/Fire_Sparks01.uasset" 72
"../../../../../Bachelorarbeit Mathias/Bachelorarbeit/Weinhofer_LFB/Content/StarterContent/Audio/Light01.uasset" 73
"../../../../../Bachelorarbeit Mathias/Bachelorarbeit/Weinhofer_LFB/Content/StarterContent/Audio/Light01_Cue.uasset" 74
"../../../../../Bachelorarbeit Mathias/Bachelorarbeit/Weinhofer_LFB/Content/StarterContent/Audio/Light02.uasset" 75
"../../../../../Bachelorarbeit Mathias/Bachelorarbeit/Weinhofer_LFB/Content/StarterContent/Audio/Light02_Cue.uasset" 76
"../../../../../Bachelorarbeit Mathias/Bachelorarbeit/Weinhofer_LFB/Content/StarterContent/Audio/Smoke01.uasset" 77
"../../../../../Bachelorarbeit Mathias/Bachelorarbeit/Weinhofer_LFB/Content/StarterContent/Audio/Starter_Birds01.uasset" 78
"../../../../../Bachelorarbeit Mathias/Bachelorarbeit/Weinhofer_LFB/Content/StarterContent/Audio/Starter_Music01.uasset" 79
"../../../../../Bachelorarbeit Mathias/Bachelorarbeit/Weinhofer_LFB/Content/StarterContent/Audio/Starter_Wind05.uasset" 80
"../../../../../Bachelorarbeit Mathias/Bachelorarbeit/Weinhofer_LFB/Content/StarterContent/Audio/Starter_Wind06.uasset" 81
"../../../../../Bachelorarbeit Mathias/Bachelorarbeit/Weinhofer_LFB/Content/StarterContent/Audio/Steam01.uasset" 82
"../../../../../Bachelorarbeit Mathias/Bachelorarbeit/Weinhofer_LFB/Content/StarterContent/Audio/Explosion_Cue.uasset" 83
"../../../../../Bachelorarbeit Mathias/Bachelorarbeit/Weinhofer_LFB/Content/StarterContent/Textures/T_Burst_M.uasset" 84
"../../../../../Bachelorarbeit Mathias/Bachelorarbeit/Weinhofer_LFB/Content/StarterContent/Particles/Materials/M_Burst.uasset" 85
"../../../../../Bachelorarbeit Mathias/Bachelorarbeit/Weinhofer_LFB/Content/StarterContent/Textures/T_Explosion_SubUV.uasset" 86
"../../../../../Bachelorarbeit Mathias/Bachelorarbeit/Weinhofer_LFB/Content/StarterContent/Particles/Materials/M_explosion_subUV.uasset" 87
"../../../../../Bachelorarbeit Mathias/Bachelorarbeit/Weinhofer_LFB/Content/StarterContent/Particles/Materials/m_flare_01.uasset" 88
"../../../Engine/Content/Functions/Engine_MaterialFunctions01/Gradient/RadialGradient.uasset" 89
"../../../../../Bachelorarbeit Mathias/Bachelorarbeit/Weinhofer_LFB/Content/StarterContent/Particles/Materials/M_radial_ramp.uasset" 90
"../../../../../Bachelorarbeit Mathias/Bachelorarbeit/Weinhofer_LFB/Content/StarterContent/Textures/T_Smoke_SubUV.uasset" 91
"../../../../../Bachelorarbeit Mathias/Bachelorarbeit/Weinhofer_LFB/Content/StarterContent/Textures/T_Smoke_Tiled_D.uasset" 92
"../../../../../Bachelorarbeit Mathias/Bachelorarbeit/Weinhofer_LFB/Content/StarterContent/Particles/Materials/M_smoke_subUV.uasset" 93
"../../../../../Bachelorarbeit Mathias/Bachelorarbeit/Weinhofer_LFB/Content/StarterContent/Particles/P_Explosion.uasset" 94
"../../../../../Bachelorarbeit Mathias/Bachelorarbeit/Weinhofer_LFB/Content/StarterContent/Blueprints/Blueprint_Effect_Explosion.uasset" 95
"../../../Engine/Content/EditorMeshes/ColorCalibrator/T_ColorGrid.uasset" 96
"../../../../../Bachelorarbeit Mathias/Bachelorarbeit/Weinhofer_LFB/Content/StarterContent/Materials/M_ColorGrid_LowSpec.uasset" 97
"../../../../../Bachelorarbeit Mathias/Bachelorarbeit/Weinhofer_LFB/Content/StarterContent/Textures/T_Bush_D.uasset" 98
"../../../../../Bachelorarbeit Mathias/Bachelorarbeit/Weinhofer_LFB/Content/StarterContent/Textures/T_Bush_N.uasset" 99
"../../../../../Bachelorarbeit Mathias/Bachelorarbeit/Weinhofer_LFB/Content/StarterContent/Props/Materials/M_Bush.uasset" 100
"../../../../../Bachelorarbeit Mathias/Bachelorarbeit/Weinhofer_LFB/Content/StarterContent/Props/SM_Bush.uasset" 101
"../../../../../Bachelorarbeit Mathias/Bachelorarbeit/Weinhofer_LFB/Content/StarterContent/Textures/T_Chair_M.uasset" 102
"../../../../../Bachelorarbeit Mathias/Bachelorarbeit/Weinhofer_LFB/Content/StarterContent/Textures/T_Chair_N.uasset" 103
"../../../../../Bachelorarbeit Mathias/Bachelorarbeit/Weinhofer_LFB/Content/StarterContent/Props/Materials/M_Chair.uasset" 104
"../../../../../Bachelorarbeit Mathias/Bachelorarbeit/Weinhofer_LFB/Content/StarterContent/Props/SM_Couch.uasset" 105
"../../../../../Bachelorarbeit Mathias/Bachelorarbeit/Weinhofer_LFB/Content/StarterContent/Materials/M_Glass.uasset" 106
"../../../../../Bachelorarbeit Mathias/Bachelorarbeit/Weinhofer_LFB/Content/StarterContent/Textures/T_Door_M.uasset" 107
"../../../../../Bachelorarbeit Mathias/Bachelorarbeit/Weinhofer_LFB/Content/StarterContent/Textures/T_Door_N.uasset" 108
"../../../../../Bachelorarbeit Mathias/Bachelorarbeit/Weinhofer_LFB/Content/StarterContent/Props/Materials/M_Door.uasset" 109
"../../../../../Bachelorarbeit Mathias/Bachelorarbeit/Weinhofer_LFB/Content/StarterContent/Props/SM_Door.uasset" 110
"../../../../../Bachelorarbeit Mathias/Bachelorarbeit/Weinhofer_LFB/Content/StarterContent/Props/Materials/M_MaterialSphere.uasset" 111
"../../../../../Bachelorarbeit Mathias/Bachelorarbeit/Weinhofer_LFB/Content/StarterContent/Props/Materials/M_MaterialSphere_Plain.uasset" 112
"../../../../../Bachelorarbeit Mathias/Bachelorarbeit/Weinhofer_LFB/Content/StarterContent/Props/SM_MatPreviewMesh_02.uasset" 113
"../../../Engine/Content/Functions/Engine_MaterialFunctions02/Utility/BlendAngleCorrectedNormals.uasset" 114
"../../../../../Bachelorarbeit Mathias/Bachelorarbeit/Weinhofer_LFB/Content/StarterContent/Textures/T_Detail_Rocky_N.uasset" 115
"../../../../../Bachelorarbeit Mathias/Bachelorarbeit/Weinhofer_LFB/Content/StarterContent/Textures/T_Rock_Basalt_D.uasset" 116
"../../../../../Bachelorarbeit Mathias/Bachelorarbeit/Weinhofer_LFB/Content/StarterContent/Textures/T_RockMesh_M.uasset" 117
"../../../../../Bachelorarbeit Mathias/Bachelorarbeit/Weinhofer_LFB/Content/StarterContent/Textures/T_RockMesh_N.uasset" 118
"../../../../../Bachelorarbeit Mathias/Bachelorarbeit/Weinhofer_LFB/Content/StarterContent/Props/Materials/M_Rock.uasset" 119
"../../../../../Bachelorarbeit Mathias/Bachelorarbeit/Weinhofer_LFB/Content/StarterContent/Props/SM_Rock.uasset" 120
"../../../../../Bachelorarbeit Mathias/Bachelorarbeit/Weinhofer_LFB/Content/StarterContent/Textures/T_Shelf_M.uasset" 121
"../../../../../Bachelorarbeit Mathias/Bachelorarbeit/Weinhofer_LFB/Content/StarterContent/Textures/T_Shelf_N.uasset" 122
"../../../../../Bachelorarbeit Mathias/Bachelorarbeit/Weinhofer_LFB/Content/StarterContent/Props/Materials/M_Shelf.uasset" 123
"../../../../../Bachelorarbeit Mathias/Bachelorarbeit/Weinhofer_LFB/Content/StarterContent/Props/SM_Shelf.uasset" 124
"../../../../../Bachelorarbeit Mathias/Bachelorarbeit/Weinhofer_LFB/Content/StarterContent/Materials/M_Basic_Floor.uasset" 125
"../../../../../Bachelorarbeit Mathias/Bachelorarbeit/Weinhofer_LFB/Content/StarterContent/Props/SM_Stairs.uasset" 126
"../../../../../Bachelorarbeit Mathias/Bachelorarbeit/Weinhofer_LFB/Content/StarterContent/Shapes/Shape_Cone.uasset" 127
"../../../../../Bachelorarbeit Mathias/Bachelorarbeit/Weinhofer_LFB/Content/StarterContent/Shapes/Shape_NarrowCapsule.uasset" 128
"../../../../../Bachelorarbeit Mathias/Bachelorarbeit/Weinhofer_LFB/Content/StarterContent/Shapes/Shape_Pipe.uasset" 129
"../../../../../Bachelorarbeit Mathias/Bachelorarbeit/Weinhofer_LFB/Content/StarterContent/Shapes/Shape_Pipe_180.uasset" 130
"../../../../../Bachelorarbeit Mathias/Bachelorarbeit/Weinhofer_LFB/Content/StarterContent/Shapes/Shape_Pipe_90.uasset" 131
"../../../../../Bachelorarbeit Mathias/Bachelorarbeit/Weinhofer_LFB/Content/StarterContent/Shapes/Shape_Plane.uasset" 132
"../../../../../Bachelorarbeit Mathias/Bachelorarbeit/Weinhofer_LFB/Content/StarterContent/Shapes/Shape_Torus.uasset" 133
"../../../../../Bachelorarbeit Mathias/Bachelorarbeit/Weinhofer_LFB/Content/StarterContent/Shapes/Shape_Trim.uasset" 134
"../../../../../Bachelorarbeit Mathias/Bachelorarbeit/Weinhofer_LFB/Content/StarterContent/Shapes/Shape_Trim_90_In.uasset" 135
"../../../../../Bachelorarbeit Mathias/Bachelorarbeit/Weinhofer_LFB/Content/StarterContent/Shapes/Shape_Trim_90_Out.uasset" 136
"../../../../../Bachelorarbeit Mathias/Bachelorarbeit/Weinhofer_LFB/Content/StarterContent/Shapes/Shape_TriPyramid.uasset" 137
"../../../../../Bachelorarbeit Mathias/Bachelorarbeit/Weinhofer_LFB/Content/StarterContent/Shapes/Shape_Tube.uasset" 138
"../../../../../Bachelorarbeit Mathias/Bachelorarbeit/Weinhofer_LFB/Content/StarterContent/Shapes/Shape_Wedge_A.uasset" 139
"../../../../../Bachelorarbeit Mathias/Bachelorarbeit/Weinhofer_LFB/Content/StarterContent/Shapes/Shape_Wedge_B.uasset" 140
"../../../../../Bachelorarbeit Mathias/Bachelorarbeit/Weinhofer_LFB/Content/StarterContent/Shapes/Shape_WideCapsule.uasset" 141
"../../../../../Bachelorarbeit Mathias/Bachelorarbeit/Weinhofer_LFB/Content/UI/Factory/WBP_RobotCommandButton.uasset" 142
"../../../../../Bachelorarbeit Mathias/Bachelorarbeit/Weinhofer_LFB/Content/UI/Fonts/SourceSansPro-BlackItalic.uasset" 143
"../../../../../Bachelorarbeit Mathias/Bachelorarbeit/Weinhofer_LFB/Content/UI/Fonts/SourceSansPro-BlackItalic_Font.uasset" 144
"../../../../../Bachelorarbeit Mathias/Bachelorarbeit/Weinhofer_LFB/Content/UI/Fonts/SourceSansPro-BoldItalic.uasset" 145
"../../../../../Bachelorarbeit Mathias/Bachelorarbeit/Weinhofer_LFB/Content/UI/Fonts/SourceSansPro-BoldItalic_Font.uasset" 146
"../../../../../Bachelorarbeit Mathias/Bachelorarbeit/Weinhofer_LFB/Content/UI/Fonts/SourceSansPro-ExtraLightItalic.uasset" 147
"../../../../../Bachelorarbeit Mathias/Bachelorarbeit/Weinhofer_LFB/Content/UI/Fonts/SourceSansPro-ExtraLightItalic_Font.uasset" 148
"../../../../../Bachelorarbeit Mathias/Bachelorarbeit/Weinhofer_LFB/Content/UI/Fonts/SourceSansPro-ExtraLight.uasset" 149
"../../../../../Bachelorarbeit Mathias/Bachelorarbeit/Weinhofer_LFB/Content/UI/Fonts/SourceSansPro-ExtraLight_Font.uasset" 150
"../../../../../Bachelorarbeit Mathias/Bachelorarbeit/Weinhofer_LFB/Content/UI/Fonts/SourceSansPro-Italic.uasset" 151
"../../../../../Bachelorarbeit Mathias/Bachelorarbeit/Weinhofer_LFB/Content/UI/Fonts/SourceSansPro-Italic_Font.uasset" 152
"../../../../../Bachelorarbeit Mathias/Bachelorarbeit/Weinhofer_LFB/Content/UI/Fonts/SourceSansPro-LightItalic.uasset" 153
"../../../../../Bachelorarbeit Mathias/Bachelorarbeit/Weinhofer_LFB/Content/UI/Fonts/SourceSansPro-LightItalic_Font.uasset" 154
"../../../../../Bachelorarbeit Mathias/Bachelorarbeit/Weinhofer_LFB/Content/UI/Fonts/SourceSansPro-Light.uasset" 155
"../../../../../Bachelorarbeit Mathias/Bachelorarbeit/Weinhofer_LFB/Content/UI/Fonts/SourceSansPro-Light_Font.uasset" 156
"../../../../../Bachelorarbeit Mathias/Bachelorarbeit/Weinhofer_LFB/Content/UI/Fonts/SourceSansPro-SemiBoldItalic.uasset" 157
"../../../../../Bachelorarbeit Mathias/Bachelorarbeit/Weinhofer_LFB/Content/UI/Fonts/SourceSansPro-SemiBoldItalic_Font.uasset" 158
"../../../../../Bachelorarbeit Mathias/Bachelorarbeit/Weinhofer_LFB/Content/UI/Fonts/SourceSansPro-SemiBold.uasset" 159
"../../../../../Bachelorarbeit Mathias/Bachelorarbeit/Weinhofer_LFB/Content/UI/Fonts/SourceSansPro-SemiBold_Font.uasset" 160
"../../../Engine/Content/Animation/DefaultAnimCurveCompressionSettings.uasset" 161
"../../../Engine/Content/ArtTools/RenderToTexture/Meshes/S_1_Unit_Plane.uasset" 162
"../../../Engine/Content/BasicShapes/Cone.uasset" 163
"../../../Engine/Content/EditorLandscapeResources/DataLayer.uasset" 164
"../../../Engine/Content/EditorMaterials/GizmoMaterial.uasset" 165
"../../../Engine/Content/EditorMaterials/MAT_Groups_Toggle.uasset" 166
"../../../Engine/Content/EditorMaterials/MAT_Groups_Visibility.uasset" 167
"../../../Engine/Content/EditorMaterials/PreviewShadowIndicator.uasset" 168
"../../../Engine/Content/EditorMaterials/PreviewShadowIndicatorMaterial.uasset" 169
"../../../Engine/Content/EditorMaterials/MatineeGroups/MAT_ColorTrack.uasset" 170
"../../../Engine/Content/EditorMaterials/MatineeGroups/MAT_Groups_Anim.uasset" 171
"../../../Engine/Content/EditorMaterials/MatineeGroups/MAT_Groups_AudioMaster.uasset" 172
"../../../Engine/Content/EditorMaterials/MatineeGroups/MAT_Groups_Director.uasset" 173
"../../../Engine/Content/EditorMaterials/MatineeGroups/MAT_Groups_Event.uasset" 174
"../../../Engine/Content/EditorMaterials/MatineeGroups/MAT_Groups_Fade.uasset" 175
"../../../Engine/Content/EditorMaterials/MatineeGroups/MAT_Groups_Float.uasset" 176
"../../../Engine/Content/EditorMaterials/MatineeGroups/MAT_Groups_Move.uasset" 177
"../../../Engine/Content/EditorMaterials/MatineeGroups/MAT_Groups_Slomo.uasset" 178
"../../../Engine/Content/EditorMaterials/MatineeGroups/MAT_Groups_Sound.uasset" 179
"../../../Engine/Content/EditorMaterials/MatineeGroups/MAT_Groups_Vector.uasset" 180
"../../../Engine/Content/EditorMaterials/ParticleSystems/PSysThumbnail_NoImage.uasset" 181
"../../../Engine/Content/EditorMaterials/ParticleSystems/PSysThumbnail_OOD.uasset" 182
"../../../Engine/Content/EditorMaterials/Camera/CineMat.uasset" 183
"../../../Engine/Content/EditorMaterials/Camera/MI_CineMat_Rig.uasset" 184
"../../../Engine/Content/EditorMeshes/Camera/SM_CraneRig_Arm.uasset" 185
"../../../Engine/Content/EditorMeshes/Camera/SM_CraneRig_Base.uasset" 186
"../../../Engine/Content/EditorMeshes/Camera/SM_CraneRig_Body.uasset" 187
"../../../Engine/Content/EditorMeshes/Camera/SM_CraneRig_Mount.uasset" 188
"../../../Engine/Content/EditorMeshes/Camera/SM_RailRig_Mount.uasset" 189
"../../../Engine/Content/EditorMeshes/Camera/SM_RailRig_Track.uasset" 190
"../../../Engine/Content/EditorResources/BSPVertex.uasset" 191
"../../../Engine/Content/EditorResources/EmptyActor.uasset" 192
"../../../Engine/Content/EditorResources/S_Actor.uasset" 193
"../../../Engine/Content/EditorResources/S_Note.uasset" 194
"../../../Engine/Content/EditorResources/S_Solver.uasset" 195
"../../../Engine/Content/EditorResources/S_Trigger.uasset" 196
"../../../Engine/Content/EditorResources/AudioIcons/S_AudioComponent.uasset" 197
"../../../Engine/Content/EditorResources/AudioIcons/S_AudioComponent_AutoActivate.uasset" 198
"../../../Engine/Content/EditorResources/LightIcons/S_LightError.uasset" 199
"../../../Engine/Content/EditorResources/SequenceRecorder/Countdown.uasset" 200
"../../../Engine/Content/EditorResources/SequenceRecorder/RecordingIndicator.uasset" 201
"../../../Engine/Content/EditorSounds/Notifications/CompileFailed.uasset" 202
"../../../Engine/Content/EditorSounds/Notifications/CompileFailed_Cue.uasset" 203
"../../../Engine/Content/EditorSounds/Notifications/CompileSuccess.uasset" 204
"../../../Engine/Content/EditorSounds/Notifications/CompileStart_Cue.uasset" 205
"../../../Engine/Content/EditorSounds/Notifications/CompileSuccess_Cue.uasset" 206
"../../../Engine/Content/EngineDamageTypes/DmgTypeBP_Environmental.uasset" 207
"../../../Engine/Content/EngineDebugMaterials/HeatmapGradient.uasset" 208
"../../../Engine/Content/EngineDebugMaterials/BoneWeightMaterial.uasset" 209
"../../../Engine/Content/EngineDebugMaterials/ClothMaterial.uasset" 210
"../../../Engine/Content/EngineDebugMaterials/ClothMaterial_WF.uasset" 211
"../../../Engine/Content/EngineDebugMaterials/DebugEditorMaterial.uasset" 212
"../../../Engine/Content/EngineDebugMaterials/DebugMeshMaterial.uasset" 213
"../../../Engine/Content/EngineDebugMaterials/GeomMaterial.uasset" 214
"../../../Engine/Content/EngineDebugMaterials/M_SimpleTranslucent.uasset" 215
"../../../Engine/Content/Functions/Engine_MaterialFunctions02/Utility/CameraDirectionVector.uasset" 216
"../../../Engine/Content/EngineDebugMaterials/VolumeToRender.uasset" 217
"../../../Engine/Content/EngineDebugMaterials/M_VolumeRenderSphereTracePP.uasset" 218
"../../../Engine/Content/EngineDebugMaterials/WireframeMaterial.uasset" 219
"../../../Engine/Content/EngineFonts/Faces/RobotoBold.uasset" 220
"../../../Engine/Content/EngineFonts/Faces/RobotoBoldItalic.uasset" 221
"../../../Engine/Content/EngineFonts/Faces/RobotoItalic.uasset" 222
"../../../Engine/Content/EngineFonts/Faces/RobotoLight.uasset" 223
"../../../Engine/Content/EngineFonts/Faces/RobotoRegular.uasset" 224
"../../../Engine/Content/EngineFonts/Roboto.uasset" 225
"../../../Engine/Content/EngineMaterials/BaseFlattenDiffuseMap.uasset" 226
"../../../Engine/Content/EngineMaterials/BaseFlattenEmissiveMap.uasset" 227
"../../../Engine/Content/EngineMaterials/BaseFlattenGrayscaleMap.uasset" 228
"../../../Engine/Content/EngineMaterials/BaseFlattenNormalMap.uasset" 229
"../../../Engine/Content/EngineMaterials/BaseFlattenMaterial.uasset" 230
"../../../Engine/Content/EngineMaterials/BlueNoise.uasset" 231
"../../../Engine/Content/EngineMaterials/DefaultBloomKernel.uasset" 232
"../../../Engine/Content/EngineMaterials/DefaultBokeh.uasset" 233
"../../../Engine/Content/EngineMaterials/DefaultDiffuse.uasset" 234
"../../../Engine/Content/EngineMaterials/DefaultDeferredDecalMaterial.uasset" 235
"../../../Engine/Content/EngineMaterials/DefaultLightFunctionMaterial.uasset" 236
"../../../Engine/Content/EngineMaterials/DefaultPhysicalMaterial.uasset" 237
"../../../Engine/Content/Functions/Engine_MaterialFunctions02/Utility/BreakOutFloat2Components.uasset" 238
"../../../Engine/Content/EngineMaterials/DefaultPostProcessMaterial.uasset" 239
"../../../Engine/Content/EngineFonts/RobotoDistanceField.uasset" 240
"../../../Engine/Content/EngineMaterials/DefaultTextMaterialOpaque.uasset" 241
"../../../Engine/Content/EngineMaterials/DefaultVirtualTextureMaterial.uasset" 242
"../../../Engine/Content/EngineMaterials/DefaultWhiteGrid.uasset" 243
"../../../Engine/Content/EngineMaterials/EditorBrushMaterial.uasset" 244
"../../../Engine/Content/EngineMaterials/DefaultWhiteGrid_Low.uasset" 245
"../../../Engine/Content/EngineMaterials/EmissiveMeshMaterial.uasset" 246
"../../../Engine/Content/EngineMaterials/Good64x64TilingNoiseHighFreq.uasset" 247
"../../../Engine/Content/EngineMaterials/MiniFont.uasset" 248
"../../../Engine/Content/EngineMaterials/InvalidLightmapSettings.uasset" 249
"../../../Engine/Content/EngineMaterials/M_InvalidLightmapSettings.uasset" 250
"../../../Engine/Content/Functions/Engine_MaterialFunctions02/WorldPositionOffset/CameraOffset.uasset" 251
"../../../Engine/Content/EngineMaterials/PhAT_JointLimitMaterial.uasset" 252
"../../../Engine/Content/EngineMaterials/PreintegratedSkinBRDF.uasset" 253
"../../../Engine/Content/EngineMaterials/RemoveSurfaceMaterial.uasset" 254
"../../../Engine/Content/EngineMaterials/WeightMapPlaceholderTexture.uasset" 255
"../../../Engine/Content/EngineResources/WhiteSquareTexture.uasset" 256
"../../../Engine/Content/EngineMaterials/Widget3DPassThrough.uasset" 257
"../../../Engine/Content/EngineMaterials/Widget3DPassThrough_Masked.uasset" 258
"../../../Engine/Content/EngineMaterials/Widget3DPassThrough_Opaque.uasset" 259
"../../../Engine/Content/EngineMaterials/Widget3DPassThrough_Masked_OneSided.uasset" 260
"../../../Engine/Content/EngineMaterials/Widget3DPassThrough_Opaque_OneSided.uasset" 261
"../../../Engine/Content/EngineMaterials/Widget3DPassThrough_Translucent.uasset" 262
"../../../Engine/Content/EngineMaterials/Widget3DPassThrough_Translucent_OneSided.uasset" 263
"../../../Engine/Content/EngineMeshes/Cylinder.uasset" 264
"../../../Engine/Content/EngineMeshes/Sphere.uasset" 265
"../../../Engine/Content/EngineResources/Black.uasset" 266
"../../../Engine/Content/EngineResources/DefaultTexture.uasset" 267
"../../../Engine/Content/EngineResources/DefaultTextureCube.uasset" 268
"../../../Engine/Content/EngineResources/DefaultVolumeTexture2D.uasset" 269
"../../../Engine/Content/EngineResources/DefaultVolumeTexture.uasset" 270
"../../../Engine/Content/EngineResources/GradientTexture0.uasset" 271
"../../../Engine/Content/EngineSounds/Master.uasset" 272
"../../../Engine/Content/Functions/Engine_MaterialFunctions01/Shading/ConvertFromDiffSpec.uasset" 273
"../../../Engine/Content/Functions/Engine_MaterialFunctions01/Shading/PowerToRoughness.uasset" 274
"../../../Engine/Content/Maps/Templates/Thumbnails/Default.uasset" 275
"../../../Engine/Content/Maps/Templates/Thumbnails/VR-Basic.uasset" 276
"../../../Engine/Content/MobileResources/T_MobileControls_texture.uasset" 277
"../../../Engine/Content/MobileResources/T_MobileMenu2.uasset" 278
"../../../Engine/Content/MobileResources/HUD/AnalogHat.uasset" 279
"../../../Engine/Content/MobileResources/HUD/VirtualJoystick_Background.uasset" 280
"../../../Engine/Content/MobileResources/HUD/VirtualJoystick_Thumb.uasset" 281
"../../../Engine/Content/MobileResources/HUD/DefaultVirtualJoysticks.uasset" 282
"../../../Engine/Content/MobileResources/HUD/LeftVirtualJoystickOnly.uasset" 283
"../../../Engine/Content/MobileResources/HUD/MobileHUDButton1_off.uasset" 284
"../../../Engine/Content/MobileResources/HUD/MobileHUDButton1_on.uasset" 285
"../../../Engine/Content/MobileResources/HUD/MobileHUDButton2_off.uasset" 286
"../../../Engine/Content/MobileResources/HUD/MobileHUDButton2_on.uasset" 287
"../../../Engine/Content/MobileResources/HUD/MobileHUDButton3.uasset" 288
"../../../Engine/Content/MobileResources/HUD/MobileHUDButtonFire.uasset" 289
"../../../Engine/Content/MobileResources/HUD/MobileHUDDirectionPad.uasset" 290
"../../../Engine/Content/MobileResources/HUD/MobileHUDDirectionPad2.uasset" 291
"../../../Engine/Content/MobileResources/HUD/MobileHUDDirectionPad3.uasset" 292
"../../../Engine/Content/MobileResources/HUD/MobileHUDDirectionStick.uasset" 293
"../../../Engine/Content/MobileResources/HUD/T_Castle_ThumbstickInner.uasset" 294
"../../../Engine/Content/MobileResources/HUD/T_Castle_ThumbstickOutter.uasset" 295
"../../../Engine/Content/Tutorial/ContentIntroCurve.uasset" 296
"../../../Engine/Content/Tutorial/Basics/ContentBrowserOverview.uasset" 297
"../../../Engine/Content/Tutorial/Basics/FeaturePacks.uasset" 298
"../../../Engine/Content/Tutorial/Basics/LevelEditorAttract.uasset" 299
"../../../Engine/Content/Tutorial/Basics/TutorialAssets/icon_tab_Levels_40x.uasset" 300
"../../../Engine/Content/Tutorial/Basics/LevelEditorOverview.uasset" 301
"../../../Engine/Content/Tutorial/BlueprintTutorials/TutorialAssets/Blueprint_64x.uasset" 302
"../../../Engine/Content/Tutorial/BlueprintTutorials/BlueprintEditorTutorial.uasset" 303
"../../../Engine/Content/Tutorial/InWorldBlueprintEditing/IWBE_Tutorial.uasset" 304
"../../../Engine/Content/Tutorial/InWorldBlueprintEditing/IWBE_Tutorial_Part2.uasset" 305
"../../../Engine/Content/Tutorial/InWorldBlueprintEditing/IWBE_Tutorial_Part3.uasset" 306
"../../../Engine/Content/Tutorial/Paper2D/TutorialAssets/Paper2DFlipbook_TutorialIcon.uasset" 307
"../../../Engine/Content/Tutorial/Paper2D/FlipbookEditorTutorial.uasset" 308
"../../../Engine/Content/Tutorial/Paper2D/TutorialAssets/Paper2DSprite_TutorialIcon.uasset" 309
"../../../Engine/Content/Tutorial/Paper2D/SpriteEditorTutorial.uasset" 310
"../../../Engine/Content/VREditor/TransformGizmo/TransformGizmoMaterial.uasset" 311
"../../../Engine/Content/VREditor/TransformGizmo/TranslucentTransformGizmoMaterial.uasset" 312
"../../../Engine/Content/VREditor/TransformGizmo/BoundingBoxCorner.uasset" 313
"../../../Engine/Content/VREditor/TransformGizmo/BoundingBoxEdge.uasset" 314
"../../../Engine/Content/VREditor/TransformGizmo/PlaneTranslationHandle.uasset" 315
"../../../Engine/Content/VREditor/TransformGizmo/Main.uasset" 316
"../../../Engine/Content/VREditor/TransformGizmo/Xray.uasset" 317
"../../../Engine/Content/VREditor/TransformGizmo/SM_Sequencer_Key.uasset" 318
"../../../Engine/Content/VREditor/TransformGizmo/SM_Sequencer_Node.uasset" 319
"../../Plugins/2D/Paper2D/Content/PlaceholderTextures/DummySpriteTexture.uasset" 320
"../../Plugins/2D/Paper2D/Content/DummySprite.uasset" 321
"../../Plugins/2D/Paper2D/Content/DefaultPaperTerrainMaterial.uasset" 322
"../../Plugins/2D/Paper2D/Content/DummySpriteTexture.uasset" 323
"../../Plugins/2D/Paper2D/Content/DefaultSpriteMaterial.uasset" 324
"../../Plugins/2D/Paper2D/Content/MaskedUnlitSpriteMaterial.uasset" 325
"../../Plugins/2D/Paper2D/Content/OpaqueUnlitSpriteMaterial.uasset" 326
"../../Plugins/Runtime/Oculus/OculusVR/Content/OculusMR_RenderTarget.uasset" 327
"../../../Engine/Content/Functions/Engine_MaterialFunctions02/Utility/BreakOutFloat4Components.uasset" 328
"../../../Engine/Content/Functions/Engine_MaterialFunctions02/Utility/MakeFloat2.uasset" 329
"../../../Engine/Content/Functions/Engine_MaterialFunctions02/Utility/MakeFloat3.uasset" 330
"../../Plugins/Runtime/Oculus/OculusVR/Content/Materials/OculusMR_ChromaKey.uasset" 331
"../../Plugins/Runtime/Oculus/OculusVR/Content/Materials/OculusMR_ChromaKey_Lit.uasset" 332
"../../Plugins/Runtime/Oculus/OculusVR/Content/Materials/OculusMR_OpaqueColoredMaterial.uasset" 333
"../../Plugins/Runtime/Oculus/OculusVR/Content/Materials/OculusMR_WhiteMaterial.uasset" 334
"../../../../../Bachelorarbeit Mathias/Bachelorarbeit/Weinhofer_LFB/Content/UI/MainMenu/WBP_License.uasset" 335
"../../../../../Bachelorarbeit Mathias/Bachelorarbeit/Weinhofer_LFB/Content/UI/MainMenu/BP_Licensing.uasset" 336
"../../../../../Bachelorarbeit Mathias/Bachelorarbeit/Weinhofer_LFB/Content/UI/Fonts/SourceSansPro-Bold.uasset" 337
"../../../../../Bachelorarbeit Mathias/Bachelorarbeit/Weinhofer_LFB/Content/UI/Fonts/SourceSansPro-Bold_Font.uasset" 338
"../../../../../Bachelorarbeit Mathias/Bachelorarbeit/Weinhofer_LFB/Content/Base/Icons/Hexagon.uasset" 339
"../../../../../Bachelorarbeit Mathias/Bachelorarbeit/Weinhofer_LFB/Content/Base/Icons/Square.uasset" 340
"../../../../../Bachelorarbeit Mathias/Bachelorarbeit/Weinhofer_LFB/Content/Base/Icons/Triangle.uasset" 341
"../../../../../Bachelorarbeit Mathias/Bachelorarbeit/Weinhofer_LFB/Content/UI/MainMenu/Images/BackArrow_Blue.uasset" 342
"../../../../../Bachelorarbeit Mathias/Bachelorarbeit/Weinhofer_LFB/Content/UI/MainMenu/Images/BackArrow_DarkBlue.uasset" 343
"../../../../../Bachelorarbeit Mathias/Bachelorarbeit/Weinhofer_LFB/Content/UI/MainMenu/Images/BackArrow_LightBlue.uasset" 344
"../../../../../Bachelorarbeit Mathias/Bachelorarbeit/Weinhofer_LFB/Content/UI/MainMenu/Images/ButtonRoundCorners_Blue.uasset" 345
"../../../../../Bachelorarbeit Mathias/Bachelorarbeit/Weinhofer_LFB/Content/UI/MainMenu/Images/ButtonRoundCorners_DarkBlue.uasset" 346
"../../../../../Bachelorarbeit Mathias/Bachelorarbeit/Weinhofer_LFB/Content/UI/MainMenu/Images/ButtonRoundCorners_LightBlue.uasset" 347
"../../../../../Bachelorarbeit Mathias/Bachelorarbeit/Weinhofer_LFB/Content/UI/MainMenu/Images/ExitIcon_Blue.uasset" 348
"../../../../../Bachelorarbeit Mathias/Bachelorarbeit/Weinhofer_LFB/Content/UI/MainMenu/Images/ExitIcon_DarkBlue.uasset" 349
"../../../../../Bachelorarbeit Mathias/Bachelorarbeit/Weinhofer_LFB/Content/UI/MainMenu/Images/ExitIcon_LightBlue.uasset" 350
"../../../../../Bachelorarbeit Mathias/Bachelorarbeit/Weinhofer_LFB/Content/UI/MainMenu/Images/Gear_Blue.uasset" 351
"../../../../../Bachelorarbeit Mathias/Bachelorarbeit/Weinhofer_LFB/Content/UI/MainMenu/Images/Gear_DarkBlue.uasset" 352
"../../../../../Bachelorarbeit Mathias/Bachelorarbeit/Weinhofer_LFB/Content/UI/MainMenu/Images/Gear_LightBlue.uasset" 353
"../../../../../Bachelorarbeit Mathias/Bachelorarbeit/Weinhofer_LFB/Content/UI/MainMenu/Images/GreaterThan.uasset" 354
"../../../../../Bachelorarbeit Mathias/Bachelorarbeit/Weinhofer_LFB/Content/UI/MainMenu/Images/SaveIcon.uasset" 355
"../../../../../Bachelorarbeit Mathias/Bachelorarbeit/Weinhofer_LFB/Content/UI/MainMenu/Images/Uni_Logo_2016.uasset" 356
"../../../../../Bachelorarbeit Mathias/Bachelorarbeit/Weinhofer_LFB/Content/UI/MainMenu/WBP_MainMenu.uasset" 357
"../../../../../Bachelorarbeit Mathias/Bachelorarbeit/Weinhofer_LFB/Content/UI/MainMenu/BP_MainMenu.uasset" 358
"../../../../../Bachelorarbeit Mathias/Bachelorarbeit/Weinhofer_LFB/Content/Maps/MainMenu_BuiltData.uasset" 359
"../../../Engine/Content/EngineSky/T_Sky_Blue.uasset" 360
"../../../Engine/Content/EngineSky/T_Sky_Clouds_M.uasset" 361
"../../../Engine/Content/EngineSky/T_Sky_Stars.uasset" 362
"../../../../../Bachelorarbeit Mathias/Bachelorarbeit/Weinhofer_LFB/Content/Sky/M_MainMenu.uasset" 363
"../../../Engine/Content/EngineSky/M_Sky_Panning_Clouds2.uasset" 364
"../../../../../Bachelorarbeit Mathias/Bachelorarbeit/Weinhofer_LFB/Content/Sky/SM_SkySphere.uasset" 365
"../../../../../Bachelorarbeit Mathias/Bachelorarbeit/Weinhofer_LFB/Content/Maps/MainMenu.umap" 366
"../../../../../Bachelorarbeit Mathias/Bachelorarbeit/Weinhofer_LFB/Content/Character/NPC/Blueprint/AI/Robot_BehaviorData.uasset" 367
"../../../../../Bachelorarbeit Mathias/Bachelorarbeit/Weinhofer_LFB/Content/Character/NPC/Blueprint/AI/BTDecorator_Chance.uasset" 368
"../../../../../Bachelorarbeit Mathias/Bachelorarbeit/Weinhofer_LFB/Content/Character/NPC/Blueprint/AI/BTS_SetPlayer.uasset" 369
"../../../../../Bachelorarbeit Mathias/Bachelorarbeit/Weinhofer_LFB/Content/Character/NPC/Blueprint/AI/CalledToOffice_Behavior.uasset" 370
"../../../../../Bachelorarbeit Mathias/Bachelorarbeit/Weinhofer_LFB/Content/Character/NPC/Blueprint/AI/Autonomous_Behavior.uasset" 371
"../../../../../Bachelorarbeit Mathias/Bachelorarbeit/Weinhofer_LFB/Content/Character/NPC/Animations/Robot_Anim_Armature_PickUp.uasset" 372
"../../../../../Bachelorarbeit Mathias/Bachelorarbeit/Weinhofer_LFB/Content/Character/NPC/Blueprint/AI/Collect_Behavior.uasset" 373
"../../../../../Bachelorarbeit Mathias/Bachelorarbeit/Weinhofer_LFB/Content/Character/NPC/Blueprint/AI/Idle_Behavior.uasset" 374
"../../../../../Bachelorarbeit Mathias/Bachelorarbeit/Weinhofer_LFB/Content/Character/NPC/Animations/Robot_Anim_Armature_Push_Button.uasset" 375
"../../../../../Bachelorarbeit Mathias/Bachelorarbeit/Weinhofer_LFB/Content/Character/NPC/Blueprint/AI/Supply_Behavior.uasset" 376
"../../../../../Bachelorarbeit Mathias/Bachelorarbeit/Weinhofer_LFB/Content/Character/NPC/Animations/Robot_Anim_Armature_Work.uasset" 377
"../../../../../Bachelorarbeit Mathias/Bachelorarbeit/Weinhofer_LFB/Content/Character/NPC/Blueprint/AI/Work_Behavior.uasset" 378
"../../../../../Bachelorarbeit Mathias/Bachelorarbeit/Weinhofer_LFB/Content/Character/NPC/Blueprint/AI/Robot_Behavior.uasset" 379
"../../../../../Bachelorarbeit Mathias/Bachelorarbeit/Weinhofer_LFB/Content/Character/NPC/Blueprint/BP_RobotAiController.uasset" 380
"../../../../../Bachelorarbeit Mathias/Bachelorarbeit/Weinhofer_LFB/Content/Character/NPC/Blueprint/BP_Robot.uasset" 381
"../../../../../Bachelorarbeit Mathias/Bachelorarbeit/Weinhofer_LFB/Content/Character/Player/Factory/Controller/MI_LaserPointer.uasset" 382
"../../../../../Bachelorarbeit Mathias/Bachelorarbeit/Weinhofer_LFB/Content/Character/Player/Factory/Controller/BP_FactoryController.uasset" 383
"../../../../../Bachelorarbeit Mathias/Bachelorarbeit/Weinhofer_LFB/Content/Character/Player/Factory/BP_FactoryPawn.uasset" 384
"../../../../../Bachelorarbeit Mathias/Bachelorarbeit/Weinhofer_LFB/Content/Maps/Factory/BP_RobotOverlord.uasset" 385
"../../../Engine/Content/MapTemplates/Materials/BasicAsset01.uasset" 386
"../../../../../Bachelorarbeit Mathias/Bachelorarbeit/Weinhofer_LFB/Content/Maps/Factory/FactoryRoom/Meshes/Machine/MetalParts.uasset" 387
"../../../Engine/Content/BasicShapes/Sphere.uasset" 388
"../../../../../Bachelorarbeit Mathias/Bachelorarbeit/Weinhofer_LFB/Content/Base/Icons/WhiteEmptyXErrorIcon.uasset" 389
"../../../../../Bachelorarbeit Mathias/Bachelorarbeit/Weinhofer_LFB/Content/Maps/Factory/FactoryRoom/Blueprints/Images/HazardStripeBar_Empty.uasset" 390
"../../../../../Bachelorarbeit Mathias/Bachelorarbeit/Weinhofer_LFB/Content/Maps/Factory/FactoryRoom/Blueprints/Images/HazardStripeBar_Full.uasset" 391
"../../../../../Bachelorarbeit Mathias/Bachelorarbeit/Weinhofer_LFB/Content/Maps/Factory/FactoryRoom/Blueprints/WBP_MachineProgressBar.uasset" 392
"../../../../../Bachelorarbeit Mathias/Bachelorarbeit/Weinhofer_LFB/Content/Maps/Factory/FactoryRoom/Meshes/Machine/KeyboardButton.uasset" 393
"../../../../../Bachelorarbeit Mathias/Bachelorarbeit/Weinhofer_LFB/Content/Maps/Factory/FactoryRoom/Meshes/Machine/Keyboard.uasset" 394
"../../../../../Bachelorarbeit Mathias/Bachelorarbeit/Weinhofer_LFB/Content/Maps/Factory/FactoryRoom/Meshes/Machine/Machine1.uasset" 395
"../../../../../Bachelorarbeit Mathias/Bachelorarbeit/Weinhofer_LFB/Content/Maps/Factory/FactoryRoom/Meshes/Machine/Screen.uasset" 396
"../../../../../Bachelorarbeit Mathias/Bachelorarbeit/Weinhofer_LFB/Content/Maps/Factory/FactoryRoom/Meshes/Machine/Machine.uasset" 397
"../../../../../Bachelorarbeit Mathias/Bachelorarbeit/Weinhofer_LFB/Content/Maps/Factory/FactoryRoom/Blueprints/BP_Machine.uasset" 398
"../../../../../Bachelorarbeit Mathias/Bachelorarbeit/Weinhofer_LFB/Content/Maps/Factory/Office/Meshes/Lift/Lift_Skeleton.uasset" 399
"../../../../../Bachelorarbeit Mathias/Bachelorarbeit/Weinhofer_LFB/Content/Maps/Factory/Office/Meshes/Lift/Lift_AnimFolded.uasset" 400
"../../../../../Bachelorarbeit Mathias/Bachelorarbeit/Weinhofer_LFB/Content/Maps/Factory/Office/Meshes/Lift/ABP_Lift.uasset" 401
"../../../../../Bachelorarbeit Mathias/Bachelorarbeit/Weinhofer_LFB/Content/Maps/Factory/Office/Meshes/Lift/Lift_Anim.uasset" 402
"../../../../../Bachelorarbeit Mathias/Bachelorarbeit/Weinhofer_LFB/Content/Maps/Factory/Office/Meshes/Lift/Lift_Anim_Montage.uasset" 403
"../../../../../Bachelorarbeit Mathias/Bachelorarbeit/Weinhofer_LFB/Content/Maps/Factory/Office/Meshes/Lift/Lift_AnimUnfolded.uasset" 404
"../../../../../Bachelorarbeit Mathias/Bachelorarbeit/Weinhofer_LFB/Content/Maps/Factory/Office/Meshes/Lift/Lift_PhysicsAsset.uasset" 405
"../../../../../Bachelorarbeit Mathias/Bachelorarbeit/Weinhofer_LFB/Content/Maps/Factory/Office/Meshes/Lift/Lift.uasset" 406
"../../../../../Bachelorarbeit Mathias/Bachelorarbeit/Weinhofer_LFB/Content/Maps/Factory/Office/Blueprints/BP_Lift.uasset" 407
"../../../../../Bachelorarbeit Mathias/Bachelorarbeit/Weinhofer_LFB/Content/Base/Materials/M_Hologram.uasset" 408
"../../../../../Bachelorarbeit Mathias/Bachelorarbeit/Weinhofer_LFB/Content/Maps/Factory/Office/Meshes/RobotDoor/DoorLampMaterial.uasset" 409
"../../../../../Bachelorarbeit Mathias/Bachelorarbeit/Weinhofer_LFB/Content/Maps/Factory/Office/Meshes/RobotDoor/MI_GreenLamp.uasset" 410
"../../../../../Bachelorarbeit Mathias/Bachelorarbeit/Weinhofer_LFB/Content/Maps/Factory/Office/Meshes/RobotDoor/MI_RedLamp.uasset" 411
"../../../../../Bachelorarbeit Mathias/Bachelorarbeit/Weinhofer_LFB/Content/Base/Meshes/Shape_Cube.uasset" 412
"../../../../../Bachelorarbeit Mathias/Bachelorarbeit/Weinhofer_LFB/Content/Base/Meshes/Shape_Sphere.uasset" 413
"../../../../../Bachelorarbeit Mathias/Bachelorarbeit/Weinhofer_LFB/Content/Maps/Factory/Office/Meshes/RobotDoor/M_RobotDoor.uasset" 414
"../../../../../Bachelorarbeit Mathias/Bachelorarbeit/Weinhofer_LFB/Content/Maps/Factory/Office/Meshes/RobotDoor/RobotDoor.uasset" 415
"../../../../../Bachelorarbeit Mathias/Bachelorarbeit/Weinhofer_LFB/Content/Maps/Factory/Office/Blueprints/BP_RobotDoor.uasset" 416
"../../../../../Bachelorarbeit Mathias/Bachelorarbeit/Weinhofer_LFB/Content/UI/Fonts/SourceSansPro-Regular.uasset" 417
"../../../../../Bachelorarbeit Mathias/Bachelorarbeit/Weinhofer_LFB/Content/UI/Fonts/SourceSansPro-Regular_Font.uasset" 418
"../../../../../Bachelorarbeit Mathias/Bachelorarbeit/Weinhofer_LFB/Content/UI/Factory/Images/BackArrow.uasset" 419
"../../../../../Bachelorarbeit Mathias/Bachelorarbeit/Weinhofer_LFB/Content/UI/Factory/Images/RobotIcon.uasset" 420
"../../../../../Bachelorarbeit Mathias/Bachelorarbeit/Weinhofer_LFB/Content/UI/Factory/Images/TriangleSideways.uasset" 421
"../../../../../Bachelorarbeit Mathias/Bachelorarbeit/Weinhofer_LFB/Content/UI/Factory/WBP_RobotButton.uasset" 422
"../../../../../Bachelorarbeit Mathias/Bachelorarbeit/Weinhofer_LFB/Content/UI/Factory/WBP_Workscreen.uasset" 423
"../../../../../Bachelorarbeit Mathias/Bachelorarbeit/Weinhofer_LFB/Content/Maps/Factory/Office/Meshes/Workscreen/M_Workscreen.uasset" 424
"../../../../../Bachelorarbeit Mathias/Bachelorarbeit/Weinhofer_LFB/Content/Maps/Factory/Office/Meshes/Workscreen/Workscreen.uasset" 425
"../../../../../Bachelorarbeit Mathias/Bachelorarbeit/Weinhofer_LFB/Content/Maps/Factory/Office/Blueprints/BP_Workscreen.uasset" 426
"../../../../../Bachelorarbeit Mathias/Bachelorarbeit/Weinhofer_LFB/Content/UI/Factory/WBP_GameplayStopper.uasset" 427
"../../../../../Bachelorarbeit Mathias/Bachelorarbeit/Weinhofer_LFB/Content/UI/Factory/BP_GameplayStopper.uasset" 428
"../../../../../Bachelorarbeit Mathias/Bachelorarbeit/Weinhofer_LFB/Content/GameModes/Factory_Mode_BP.uasset" 429
"../../../../../Bachelorarbeit Mathias/Bachelorarbeit/Weinhofer_LFB/Content/Maps/Factory/FactoryRoom/Blueprints/WBP_DoorQueueCounter.uasset" 430
"../../../../../Bachelorarbeit Mathias/Bachelorarbeit/Weinhofer_LFB/Content/Maps/Factory/FactoryRoom/Blueprints/BP_DoorQueue.uasset" 431
"../../../../../Bachelorarbeit Mathias/Bachelorarbeit/Weinhofer_LFB/Content/Maps/Factory/FactoryRoom/Meshes/MachineMaterial/Corners.uasset" 432
"../../../../../Bachelorarbeit Mathias/Bachelorarbeit/Weinhofer_LFB/Content/Maps/Factory/FactoryRoom/Meshes/MachineMaterial/Inside.uasset" 433
"../../../../../Bachelorarbeit Mathias/Bachelorarbeit/Weinhofer_LFB/Content/Maps/Factory/FactoryRoom/Meshes/MachineMaterial/Outisde.uasset" 434
"../../../../../Bachelorarbeit Mathias/Bachelorarbeit/Weinhofer_LFB/Content/Maps/Factory/FactoryRoom/Meshes/MachineMaterial/MaterialBox.uasset" 435
"../../../../../Bachelorarbeit Mathias/Bachelorarbeit/Weinhofer_LFB/Content/Maps/Factory/FactoryRoom/Blueprints/BP_MachineMaterial.uasset" 436
"../../../../../Bachelorarbeit Mathias/Bachelorarbeit/Weinhofer_LFB/Content/Base/Materials/M_Red.uasset" 437
"../../../../../Bachelorarbeit Mathias/Bachelorarbeit/Weinhofer_LFB/Content/Maps/Factory/FactoryRoom/Meshes/MaterialDispenser/M_MaterialDispenser.uasset" 438
"../../../../../Bachelorarbeit Mathias/Bachelorarbeit/Weinhofer_LFB/Content/Maps/Factory/FactoryRoom/Meshes/MaterialDispenser/MaterialDespenser.uasset" 439
"../../../../../Bachelorarbeit Mathias/Bachelorarbeit/Weinhofer_LFB/Content/StarterContent/Shapes/Shape_Cylinder.uasset" 440
"../../../../../Bachelorarbeit Mathias/Bachelorarbeit/Weinhofer_LFB/Content/Maps/Factory/FactoryRoom/Blueprints/BP_MaterialDispenser.uasset" 441
"../../../../../Bachelorarbeit Mathias/Bachelorarbeit/Weinhofer_LFB/Content/Maps/Factory/FactoryRoom/Meshes/WareGrabber/M_WareGrabber.uasset" 442
"../../../../../Bachelorarbeit Mathias/Bachelorarbeit/Weinhofer_LFB/Content/Maps/Factory/FactoryRoom/Meshes/WareGrabber/WareGrabber_Lower_Part.uasset" 443
"../../../../../Bachelorarbeit Mathias/Bachelorarbeit/Weinhofer_LFB/Content/Maps/Factory/FactoryRoom/Meshes/WareGrabber/WareGrabber_Upper_Part.uasset" 444
"../../../../../Bachelorarbeit Mathias/Bachelorarbeit/Weinhofer_LFB/Content/Maps/Factory/FactoryRoom/Blueprints/BP_WareGrabber.uasset" 445
"../../../../../Bachelorarbeit Mathias/Bachelorarbeit/Weinhofer_LFB/Content/Maps/Factory/FactoryRoom/Meshes/Wares/CubeInlay.uasset" 446
"../../../../../Bachelorarbeit Mathias/Bachelorarbeit/Weinhofer_LFB/Content/Maps/Factory/FactoryRoom/Meshes/Wares/CubeOutside.uasset" 447
"../../../../../Bachelorarbeit Mathias/Bachelorarbeit/Weinhofer_LFB/Content/Maps/Factory/FactoryRoom/Meshes/Wares/CubeWare.uasset" 448
"../../../../../Bachelorarbeit Mathias/Bachelorarbeit/Weinhofer_LFB/Content/Maps/Factory/FactoryRoom/Blueprints/Wares/BP_CubeWare.uasset" 449
"../../../../../Bachelorarbeit Mathias/Bachelorarbeit/Weinhofer_LFB/Content/Maps/Factory/FactoryRoom/Meshes/Wares/DodecahedronInlay.uasset" 450
"../../../../../Bachelorarbeit Mathias/Bachelorarbeit/Weinhofer_LFB/Content/Maps/Factory/FactoryRoom/Meshes/Wares/DodecahedronOutside.uasset" 451
"../../../../../Bachelorarbeit Mathias/Bachelorarbeit/Weinhofer_LFB/Content/Maps/Factory/FactoryRoom/Meshes/Wares/DodecahedronWare.uasset" 452
"../../../../../Bachelorarbeit Mathias/Bachelorarbeit/Weinhofer_LFB/Content/Maps/Factory/FactoryRoom/Blueprints/Wares/BP_DodecahedronWare.uasset" 453
"../../../../../Bachelorarbeit Mathias/Bachelorarbeit/Weinhofer_LFB/Content/Maps/Factory/FactoryRoom/Meshes/Wares/PyramidInlay.uasset" 454
"../../../../../Bachelorarbeit Mathias/Bachelorarbeit/Weinhofer_LFB/Content/Maps/Factory/FactoryRoom/Meshes/Wares/PyramidOutisde.uasset" 455
"../../../../../Bachelorarbeit Mathias/Bachelorarbeit/Weinhofer_LFB/Content/Maps/Factory/FactoryRoom/Meshes/Wares/PyramidWare.uasset" 456
"../../../../../Bachelorarbeit Mathias/Bachelorarbeit/Weinhofer_LFB/Content/Maps/Factory/FactoryRoom/Blueprints/Wares/BP_PyramidWare.uasset" 457
"../../../../../Bachelorarbeit Mathias/Bachelorarbeit/Weinhofer_LFB/Content/Maps/Factory/Office/Blueprints/Decorations/PaintingTexture1.uasset" 458
"../../../../../Bachelorarbeit Mathias/Bachelorarbeit/Weinhofer_LFB/Content/Maps/Factory/Office/Blueprints/Decorations/M_Painting1.uasset" 459
"../../../../../Bachelorarbeit Mathias/Bachelorarbeit/Weinhofer_LFB/Content/Maps/Factory/Office/Blueprints/Decorations/BP_Painting1.uasset" 460
"../../../../../Bachelorarbeit Mathias/Bachelorarbeit/Weinhofer_LFB/Content/Maps/Factory/Office/Blueprints/Decorations/PaintingTexture2.uasset" 461
"../../../../../Bachelorarbeit Mathias/Bachelorarbeit/Weinhofer_LFB/Content/Maps/Factory/Office/Blueprints/Decorations/M_Painting2.uasset" 462
"../../../../../Bachelorarbeit Mathias/Bachelorarbeit/Weinhofer_LFB/Content/Maps/Factory/Office/Blueprints/Decorations/BP_Painting2.uasset" 463
"../../../../../Bachelorarbeit Mathias/Bachelorarbeit/Weinhofer_LFB/Content/Maps/Factory/Office/Blueprints/Decorations/ProduktionszieleTextur.uasset" 464
"../../../../../Bachelorarbeit Mathias/Bachelorarbeit/Weinhofer_LFB/Content/Maps/Factory/Office/Blueprints/Decorations/M_ProductionDeco.uasset" 465
"../../../../../Bachelorarbeit Mathias/Bachelorarbeit/Weinhofer_LFB/Content/Maps/Factory/Office/Blueprints/Decorations/BP_ProductionTargetsDeco.uasset" 466
"../../../../../Bachelorarbeit Mathias/Bachelorarbeit/Weinhofer_LFB/Content/UI/Factory/WBP_GameplayStarter.uasset" 467
"../../../../../Bachelorarbeit Mathias/Bachelorarbeit/Weinhofer_LFB/Content/UI/Factory/BP_GameplayStarter.uasset" 468
"../../../../../Bachelorarbeit Mathias/Bachelorarbeit/Weinhofer_LFB/Content/Maps/Factory/Factory_BuiltData.uasset" 469
"../../../Engine/Content/BasicShapes/BasicShapeMaterial.uasset" 470
"../../../../../Bachelorarbeit Mathias/Bachelorarbeit/Weinhofer_LFB/Content/Base/Materials/M_FactoryFloor.uasset" 471
"../../../../../Bachelorarbeit Mathias/Bachelorarbeit/Weinhofer_LFB/Content/Base/Materials/M_FactoryWall.uasset" 472
"../../../../../Bachelorarbeit Mathias/Bachelorarbeit/Weinhofer_LFB/Content/Base/Materials/M_FloorOffice.uasset" 473
"../../../../../Bachelorarbeit Mathias/Bachelorarbeit/Weinhofer_LFB/Content/Base/Materials/M_OfficeWall.uasset" 474
"../../../../../Bachelorarbeit Mathias/Bachelorarbeit/Weinhofer_LFB/Content/Maps/Factory/M_FactoryGlass.uasset" 475
"../../../../../Bachelorarbeit Mathias/Bachelorarbeit/Weinhofer_LFB/Content/Maps/Factory/Office/Meshes/Lift/M_Lift.uasset" 476
"../../../Engine/Content/BasicShapes/Plane.uasset" 477
"../../../../../Bachelorarbeit Mathias/Bachelorarbeit/Weinhofer_LFB/Content/Maps/Factory/Office/Meshes/Door/M_Door.uasset" 478
"../../../../../Bachelorarbeit Mathias/Bachelorarbeit/Weinhofer_LFB/Content/Maps/Factory/Office/Meshes/Door/M_Handle.uasset" 479
"../../../../../Bachelorarbeit Mathias/Bachelorarbeit/Weinhofer_LFB/Content/Maps/Factory/Office/Meshes/Door/SM_Door.uasset" 480
"../../../../../Bachelorarbeit Mathias/Bachelorarbeit/Weinhofer_LFB/Content/Maps/Factory/Office/Meshes/Lamp/Box.uasset" 481
"../../../../../Bachelorarbeit Mathias/Bachelorarbeit/Weinhofer_LFB/Content/Maps/Factory/Office/Meshes/Lamp/Lights.uasset" 482
"../../../../../Bachelorarbeit Mathias/Bachelorarbeit/Weinhofer_LFB/Content/Maps/Factory/Office/Meshes/Lamp/Lamp.uasset" 483
"../../../../../Bachelorarbeit Mathias/Bachelorarbeit/Weinhofer_LFB/Content/Maps/Factory/Office/Meshes/Mug/MugTexture.uasset" 484
"../../../../../Bachelorarbeit Mathias/Bachelorarbeit/Weinhofer_LFB/Content/Maps/Factory/Office/Meshes/Mug/M_Mug.uasset" 485
"../../../../../Bachelorarbeit Mathias/Bachelorarbeit/Weinhofer_LFB/Content/Maps/Factory/Office/Meshes/Mug/Mug.uasset" 486
"../../../../../Bachelorarbeit Mathias/Bachelorarbeit/Weinhofer_LFB/Content/Maps/Factory/Office/Meshes/Plant/M_Earth.uasset" 487
"../../../../../Bachelorarbeit Mathias/Bachelorarbeit/Weinhofer_LFB/Content/Maps/Factory/Office/Meshes/Plant/M_Plant.uasset" 488
"../../../../../Bachelorarbeit Mathias/Bachelorarbeit/Weinhofer_LFB/Content/Maps/Factory/Office/Meshes/Plant/M_Pot.uasset" 489
"../../../../../Bachelorarbeit Mathias/Bachelorarbeit/Weinhofer_LFB/Content/Maps/Factory/Office/Meshes/Plant/Plant.uasset" 490
"../../../../../Bachelorarbeit Mathias/Bachelorarbeit/Weinhofer_LFB/Content/Maps/Factory/Office/Meshes/Table/TableMaterial.uasset" 491
"../../../../../Bachelorarbeit Mathias/Bachelorarbeit/Weinhofer_LFB/Content/Maps/Factory/Office/Meshes/Table/Table.uasset" 492
"../../../../../Bachelorarbeit Mathias/Bachelorarbeit/Weinhofer_LFB/Content/Maps/Factory/Factory.umap" 493
"../../../../../Bachelorarbeit Mathias/Bachelorarbeit/Weinhofer_LFB/Content/StarterContent/Blueprints/Assets/FogBrightnessLUT.uasset" 494
"../../../../../Bachelorarbeit Mathias/Bachelorarbeit/Weinhofer_LFB/Content/StarterContent/Blueprints/Assets/SunlightColorLUT.uasset" 495
"../../../../../Bachelorarbeit Mathias/Bachelorarbeit/Weinhofer_LFB/Content/StarterContent/Blueprints/Assets/M_LightStage_Arrows.uasset" 496
"../../../Engine/Content/MapTemplates/Sky/DaylightAmbientCubemap.uasset" 497
"../../../../../Bachelorarbeit Mathias/Bachelorarbeit/Weinhofer_LFB/Content/StarterContent/Blueprints/Assets/M_LightStage_Skybox_Master.uasset" 498
"../../../../../Bachelorarbeit Mathias/Bachelorarbeit/Weinhofer_LFB/Content/StarterContent/Blueprints/Assets/M_LightStage_Skybox_Black.uasset" 499
"../../../../../Bachelorarbeit Mathias/Bachelorarbeit/Weinhofer_LFB/Content/StarterContent/Blueprints/Assets/M_LightStage_Skybox_HDRI.uasset" 500
"../../../Engine/Content/EditorMaterials/Thumbnails/SkySphereMaterial.uasset" 501
"../../../../../Bachelorarbeit Mathias/Bachelorarbeit/Weinhofer_LFB/Content/StarterContent/Blueprints/Assets/Skybox.uasset" 502
"../../../../../Bachelorarbeit Mathias/Bachelorarbeit/Weinhofer_LFB/Content/StarterContent/Blueprints/Assets/SM_Arrows.uasset" 503
"../../../../../Bachelorarbeit Mathias/Bachelorarbeit/Weinhofer_LFB/Content/StarterContent/HDRI/HDRI_Epic_Courtyard_Daylight.uasset" 504
"../../../../../Bachelorarbeit Mathias/Bachelorarbeit/Weinhofer_LFB/Content/StarterContent/Blueprints/BP_LightStudio.uasset" 505
"../../../../../Bachelorarbeit Mathias/Bachelorarbeit/Weinhofer_LFB/Content/StarterContent/Maps/Advanced_Lighting_BuiltData.uasset" 506
"../../../../../Bachelorarbeit Mathias/Bachelorarbeit/Weinhofer_LFB/Content/StarterContent/Materials/M_AssetPlatform.uasset" 507
"../../../Engine/Content/EditorMeshes/ColorCalibrator/M_ChromeBall.uasset" 508
"../../../Engine/Content/EditorMeshes/ColorCalibrator/M_ClearCoat.uasset" 509
"../../../Engine/Content/EditorMeshes/ColorCalibrator/M_ClearCoatBlack.uasset" 510
"../../../Engine/Content/EditorMeshes/ColorCalibrator/Color_checker.uasset" 511
"../../../Engine/Content/EditorMeshes/ColorCalibrator/M_ColorGrid.uasset" 512
"../../../Engine/Content/EditorMeshes/ColorCalibrator/M_GreyBall.uasset" 513
"../../../Engine/Content/EditorMeshes/ColorCalibrator/SM_ColorCalibrator.uasset" 514
"../../../../../Bachelorarbeit Mathias/Bachelorarbeit/Weinhofer_LFB/Content/StarterContent/Architecture/SM_AssetPlatform.uasset" 515
"../../../../../Bachelorarbeit Mathias/Bachelorarbeit/Weinhofer_LFB/Content/StarterContent/Maps/Advanced_Lighting.umap" 516
"../../../Engine/Content/EngineSky/C_Sky_Cloud_Color.uasset" 517
"../../../Engine/Content/EngineSky/C_Sky_Horizon_Color.uasset" 518
"../../../Engine/Content/EngineSky/C_Sky_Zenith_Color.uasset" 519
"../../../Engine/Content/EngineSky/SM_SkySphere.uasset" 520
"../../../Engine/Content/EngineSky/BP_Sky_Sphere.uasset" 521
"../../../../../Bachelorarbeit Mathias/Bachelorarbeit/Weinhofer_LFB/Content/StarterContent/Maps/Minimal_Default_BuiltData.uasset" 522
"../../../../../Bachelorarbeit Mathias/Bachelorarbeit/Weinhofer_LFB/Content/StarterContent/Textures/T_MacroVariation.uasset" 523
"../../../../../Bachelorarbeit Mathias/Bachelorarbeit/Weinhofer_LFB/Content/StarterContent/Materials/M_Metal_Brushed_Nickel.uasset" 524
"../../../../../Bachelorarbeit Mathias/Bachelorarbeit/Weinhofer_LFB/Content/StarterContent/Textures/T_Metal_Aluminum_D.uasset" 525
"../../../../../Bachelorarbeit Mathias/Bachelorarbeit/Weinhofer_LFB/Content/StarterContent/Textures/T_Metal_Gold_N.uasset" 526
"../../../../../Bachelorarbeit Mathias/Bachelorarbeit/Weinhofer_LFB/Content/StarterContent/Materials/M_Metal_Burnished_Steel.uasset" 527
"../../../../../Bachelorarbeit Mathias/Bachelorarbeit/Weinhofer_LFB/Content/StarterContent/Textures/T_Metal_Copper_D.uasset" 528
"../../../../../Bachelorarbeit Mathias/Bachelorarbeit/Weinhofer_LFB/Content/StarterContent/Materials/M_Metal_Copper.uasset" 529
"../../../../../Bachelorarbeit Mathias/Bachelorarbeit/Weinhofer_LFB/Content/StarterContent/Textures/T_Statue_M.uasset" 530
"../../../../../Bachelorarbeit Mathias/Bachelorarbeit/Weinhofer_LFB/Content/StarterContent/Textures/T_Statue_N.uasset" 531
"../../../../../Bachelorarbeit Mathias/Bachelorarbeit/Weinhofer_LFB/Content/StarterContent/Props/Materials/M_StatueGlass.uasset" 532
"../../../../../Bachelorarbeit Mathias/Bachelorarbeit/Weinhofer_LFB/Content/StarterContent/Architecture/Floor_400x400.uasset" 533
"../../../../../Bachelorarbeit Mathias/Bachelorarbeit/Weinhofer_LFB/Content/StarterContent/Audio/Starter_Background_Cue.uasset" 534
"../../../../../Bachelorarbeit Mathias/Bachelorarbeit/Weinhofer_LFB/Content/StarterContent/Props/SM_Chair.uasset" 535
"../../../../../Bachelorarbeit Mathias/Bachelorarbeit/Weinhofer_LFB/Content/StarterContent/Props/Materials/M_Statue.uasset" 536
"../../../../../Bachelorarbeit Mathias/Bachelorarbeit/Weinhofer_LFB/Content/StarterContent/Props/SM_Statue.uasset" 537
"../../../../../Bachelorarbeit Mathias/Bachelorarbeit/Weinhofer_LFB/Content/StarterContent/Textures/T_TableRound_M.uasset" 538
"../../../../../Bachelorarbeit Mathias/Bachelorarbeit/Weinhofer_LFB/Content/StarterContent/Textures/T_TableRound_N.uasset" 539
"../../../../../Bachelorarbeit Mathias/Bachelorarbeit/Weinhofer_LFB/Content/StarterContent/Props/Materials/M_TableRound.uasset" 540
"../../../../../Bachelorarbeit Mathias/Bachelorarbeit/Weinhofer_LFB/Content/StarterContent/Props/SM_TableRound.uasset" 541
"../../../../../Bachelorarbeit Mathias/Bachelorarbeit/Weinhofer_LFB/Content/StarterContent/Maps/Minimal_Default.umap" 542
"../../../../../Bachelorarbeit Mathias/Bachelorarbeit/Weinhofer_LFB/Content/StarterContent/Audio/Fire01_Cue.uasset" 543
"../../../../../Bachelorarbeit Mathias/Bachelorarbeit/Weinhofer_LFB/Content/StarterContent/Textures/T_Fire_SubUV.uasset" 544
"../../../../../Bachelorarbeit Mathias/Bachelorarbeit/Weinhofer_LFB/Content/StarterContent/Textures/T_Fire_Tiled_D.uasset" 545
"../../../../../Bachelorarbeit Mathias/Bachelorarbeit/Weinhofer_LFB/Content/StarterContent/Particles/Materials/M_Fire_SubUV.uasset" 546
"../../../../../Bachelorarbeit Mathias/Bachelorarbeit/Weinhofer_LFB/Content/StarterContent/Textures/T_Water_N.uasset" 547
"../../../../../Bachelorarbeit Mathias/Bachelorarbeit/Weinhofer_LFB/Content/StarterContent/Particles/Materials/M_Heat_Distortion.uasset" 548
"../../../../../Bachelorarbeit Mathias/Bachelorarbeit/Weinhofer_LFB/Content/StarterContent/Particles/Materials/M_Radial_Gradient.uasset" 549
"../../../../../Bachelorarbeit Mathias/Bachelorarbeit/Weinhofer_LFB/Content/StarterContent/Particles/P_Fire.uasset" 550
"../../../../../Bachelorarbeit Mathias/Bachelorarbeit/Weinhofer_LFB/Content/StarterContent/Blueprints/Blueprint_Effect_Fire.uasset" 551
"../../../../../Bachelorarbeit Mathias/Bachelorarbeit/Weinhofer_LFB/Content/StarterContent/Audio/Smoke01_Cue.uasset" 552
"../../../../../Bachelorarbeit Mathias/Bachelorarbeit/Weinhofer_LFB/Content/StarterContent/Particles/P_Smoke.uasset" 553
"../../../../../Bachelorarbeit Mathias/Bachelorarbeit/Weinhofer_LFB/Content/StarterContent/Blueprints/Blueprint_Effect_Smoke.uasset" 554
"../../../../../Bachelorarbeit Mathias/Bachelorarbeit/Weinhofer_LFB/Content/StarterContent/Audio/Fire_Sparks01_Cue.uasset" 555
"../../../../../Bachelorarbeit Mathias/Bachelorarbeit/Weinhofer_LFB/Content/StarterContent/Textures/T_Spark_Core.uasset" 556
"../../../../../Bachelorarbeit Mathias/Bachelorarbeit/Weinhofer_LFB/Content/StarterContent/Particles/Materials/M_Spark.uasset" 557
"../../../../../Bachelorarbeit Mathias/Bachelorarbeit/Weinhofer_LFB/Content/StarterContent/Particles/P_Sparks.uasset" 558
"../../../../../Bachelorarbeit Mathias/Bachelorarbeit/Weinhofer_LFB/Content/StarterContent/Blueprints/Blueprint_Effect_Sparks.uasset" 559
"../../../../../Bachelorarbeit Mathias/Bachelorarbeit/Weinhofer_LFB/Content/StarterContent/Audio/Steam01_Cue.uasset" 560
"../../../../../Bachelorarbeit Mathias/Bachelorarbeit/Weinhofer_LFB/Content/StarterContent/Particles/P_Steam_Lit.uasset" 561
"../../../../../Bachelorarbeit Mathias/Bachelorarbeit/Weinhofer_LFB/Content/StarterContent/Blueprints/Blueprint_Effect_Steam.uasset" 562
"../../../../../Bachelorarbeit Mathias/Bachelorarbeit/Weinhofer_LFB/Content/StarterContent/Textures/T_Lamp_M.uasset" 563
"../../../../../Bachelorarbeit Mathias/Bachelorarbeit/Weinhofer_LFB/Content/StarterContent/Textures/T_Lamp_N.uasset" 564
"../../../../../Bachelorarbeit Mathias/Bachelorarbeit/Weinhofer_LFB/Content/StarterContent/Props/Materials/M_Lamp.uasset" 565
"../../../../../Bachelorarbeit Mathias/Bachelorarbeit/Weinhofer_LFB/Content/StarterContent/Props/SM_Lamp_Ceiling.uasset" 566
"../../../../../Bachelorarbeit Mathias/Bachelorarbeit/Weinhofer_LFB/Content/StarterContent/Blueprints/Blueprint_CeilingLight.uasset" 567
"../../../../../Bachelorarbeit Mathias/Bachelorarbeit/Weinhofer_LFB/Content/StarterContent/Props/SM_Lamp_Wall.uasset" 568
"../../../../../Bachelorarbeit Mathias/Bachelorarbeit/Weinhofer_LFB/Content/StarterContent/Blueprints/Blueprint_WallSconce.uasset" 569
"../../../../../Bachelorarbeit Mathias/Bachelorarbeit/Weinhofer_LFB/Content/StarterContent/Maps/StarterMap_BuiltData.uasset" 570
"../../../Engine/Content/Functions/Engine_MaterialFunctions03/Procedurals/ComputeFilterWidth.uasset" 571
"../../../Engine/Content/EngineMaterials/AntiAliasedTextMaterialTranslucent.uasset" 572
"../../../../../Bachelorarbeit Mathias/Bachelorarbeit/Weinhofer_LFB/Content/StarterContent/Textures/T_Brick_Clay_Beveled_D.uasset" 573
"../../../../../Bachelorarbeit Mathias/Bachelorarbeit/Weinhofer_LFB/Content/StarterContent/Textures/T_Brick_Clay_Beveled_M.uasset" 574
"../../../../../Bachelorarbeit Mathias/Bachelorarbeit/Weinhofer_LFB/Content/StarterContent/Textures/T_Brick_Clay_Beveled_N.uasset" 575
"../../../../../Bachelorarbeit Mathias/Bachelorarbeit/Weinhofer_LFB/Content/StarterContent/Materials/M_Brick_Clay_Beveled.uasset" 576
"../../../../../Bachelorarbeit Mathias/Bachelorarbeit/Weinhofer_LFB/Content/StarterContent/Textures/T_Brick_Clay_New_D.uasset" 577
"../../../../../Bachelorarbeit Mathias/Bachelorarbeit/Weinhofer_LFB/Content/StarterContent/Textures/T_Brick_Clay_New_M.uasset" 578
"../../../../../Bachelorarbeit Mathias/Bachelorarbeit/Weinhofer_LFB/Content/StarterContent/Textures/T_Brick_Clay_New_N.uasset" 579
"../../../../../Bachelorarbeit Mathias/Bachelorarbeit/Weinhofer_LFB/Content/StarterContent/Materials/M_Brick_Clay_New.uasset" 580
"../../../../../Bachelorarbeit Mathias/Bachelorarbeit/Weinhofer_LFB/Content/StarterContent/Textures/T_Brick_Clay_Old_D.uasset" 581
"../../../../../Bachelorarbeit Mathias/Bachelorarbeit/Weinhofer_LFB/Content/StarterContent/Textures/T_Brick_Clay_Old_N.uasset" 582
"../../../../../Bachelorarbeit Mathias/Bachelorarbeit/Weinhofer_LFB/Content/StarterContent/Textures/T_Perlin_Noise_M.uasset" 583
"../../../../../Bachelorarbeit Mathias/Bachelorarbeit/Weinhofer_LFB/Content/StarterContent/Materials/M_Brick_Clay_Old.uasset" 584
"../../../../../Bachelorarbeit Mathias/Bachelorarbeit/Weinhofer_LFB/Content/StarterContent/Textures/T_Brick_Cut_Stone_D.uasset" 585
"../../../../../Bachelorarbeit Mathias/Bachelorarbeit/Weinhofer_LFB/Content/StarterContent/Textures/T_Brick_Cut_Stone_N.uasset" 586
"../../../../../Bachelorarbeit Mathias/Bachelorarbeit/Weinhofer_LFB/Content/StarterContent/Materials/M_Brick_Cut_Stone.uasset" 587
"../../../../../Bachelorarbeit Mathias/Bachelorarbeit/Weinhofer_LFB/Content/StarterContent/Textures/T_Brick_Hewn_Stone_D.uasset" 588
"../../../../../Bachelorarbeit Mathias/Bachelorarbeit/Weinhofer_LFB/Content/StarterContent/Textures/T_Brick_Hewn_Stone_M.uasset" 589
"../../../../../Bachelorarbeit Mathias/Bachelorarbeit/Weinhofer_LFB/Content/StarterContent/Textures/T_Brick_Hewn_Stone_N.uasset" 590
"../../../../../Bachelorarbeit Mathias/Bachelorarbeit/Weinhofer_LFB/Content/StarterContent/Materials/M_Brick_Hewn_Stone.uasset" 591
"../../../../../Bachelorarbeit Mathias/Bachelorarbeit/Weinhofer_LFB/Content/StarterContent/Textures/T_Ceramic_Tile_M.uasset" 592
"../../../../../Bachelorarbeit Mathias/Bachelorarbeit/Weinhofer_LFB/Content/StarterContent/Textures/T_Ceramic_Tile_N.uasset" 593
"../../../../../Bachelorarbeit Mathias/Bachelorarbeit/Weinhofer_LFB/Content/StarterContent/Textures/T_Rock_Marble_Polished_D.uasset" 594
"../../../../../Bachelorarbeit Mathias/Bachelorarbeit/Weinhofer_LFB/Content/StarterContent/Materials/M_Ceramic_Tile_Checker.uasset" 595
"../../../../../Bachelorarbeit Mathias/Bachelorarbeit/Weinhofer_LFB/Content/StarterContent/Textures/T_CobbleStone_Pebble_D.uasset" 596
"../../../../../Bachelorarbeit Mathias/Bachelorarbeit/Weinhofer_LFB/Content/StarterContent/Textures/T_CobbleStone_Pebble_M.uasset" 597
"../../../../../Bachelorarbeit Mathias/Bachelorarbeit/Weinhofer_LFB/Content/StarterContent/Textures/T_CobbleStone_Pebble_N.uasset" 598
"../../../../../Bachelorarbeit Mathias/Bachelorarbeit/Weinhofer_LFB/Content/StarterContent/Materials/M_CobbleStone_Pebble.uasset" 599
"../../../../../Bachelorarbeit Mathias/Bachelorarbeit/Weinhofer_LFB/Content/StarterContent/Textures/T_CobbleStone_Rough_D.uasset" 600
"../../../../../Bachelorarbeit Mathias/Bachelorarbeit/Weinhofer_LFB/Content/StarterContent/Textures/T_CobbleStone_Rough_N.uasset" 601
"../../../../../Bachelorarbeit Mathias/Bachelorarbeit/Weinhofer_LFB/Content/StarterContent/Textures/T_Gradinet_01.uasset" 602
"../../../../../Bachelorarbeit Mathias/Bachelorarbeit/Weinhofer_LFB/Content/StarterContent/Textures/T_Rock_Smooth_Granite_D.uasset" 603
"../../../../../Bachelorarbeit Mathias/Bachelorarbeit/Weinhofer_LFB/Content/StarterContent/Materials/M_CobbleStone_Rough.uasset" 604
"../../../../../Bachelorarbeit Mathias/Bachelorarbeit/Weinhofer_LFB/Content/StarterContent/Textures/T_CobbleStone_Smooth_D.uasset" 605
"../../../../../Bachelorarbeit Mathias/Bachelorarbeit/Weinhofer_LFB/Content/StarterContent/Textures/T_CobbleStone_Smooth_M.uasset" 606
"../../../../../Bachelorarbeit Mathias/Bachelorarbeit/Weinhofer_LFB/Content/StarterContent/Textures/T_CobbleStone_Smooth_N.uasset" 607
"../../../../../Bachelorarbeit Mathias/Bachelorarbeit/Weinhofer_LFB/Content/StarterContent/Materials/M_CobbleStone_Smooth.uasset" 608
"../../../../../Bachelorarbeit Mathias/Bachelorarbeit/Weinhofer_LFB/Content/StarterContent/Textures/T_Concrete_Grime_D.uasset" 609
"../../../../../Bachelorarbeit Mathias/Bachelorarbeit/Weinhofer_LFB/Content/StarterContent/Textures/T_Metal_Rust_N.uasset" 610
"../../../../../Bachelorarbeit Mathias/Bachelorarbeit/Weinhofer_LFB/Content/StarterContent/Materials/M_Concrete_Grime.uasset" 611
"../../../../../Bachelorarbeit Mathias/Bachelorarbeit/Weinhofer_LFB/Content/StarterContent/Textures/T_Concrete_Panels_D.uasset" 612
"../../../../../Bachelorarbeit Mathias/Bachelorarbeit/Weinhofer_LFB/Content/StarterContent/Textures/T_Concrete_Panels_N.uasset" 613
"../../../../../Bachelorarbeit Mathias/Bachelorarbeit/Weinhofer_LFB/Content/StarterContent/Materials/M_Concrete_Panels.uasset" 614
"../../../../../Bachelorarbeit Mathias/Bachelorarbeit/Weinhofer_LFB/Content/StarterContent/Textures/T_Concrete_Poured_D.uasset" 615
"../../../../../Bachelorarbeit Mathias/Bachelorarbeit/Weinhofer_LFB/Content/StarterContent/Textures/T_Concrete_Poured_N.uasset" 616
"../../../../../Bachelorarbeit Mathias/Bachelorarbeit/Weinhofer_LFB/Content/StarterContent/Materials/M_Concrete_Poured.uasset" 617
"../../../../../Bachelorarbeit Mathias/Bachelorarbeit/Weinhofer_LFB/Content/StarterContent/Textures/T_Concrete_Tiles_D.uasset" 618
"../../../../../Bachelorarbeit Mathias/Bachelorarbeit/Weinhofer_LFB/Content/StarterContent/Textures/T_Concrete_Tiles_M.uasset" 619
"../../../../../Bachelorarbeit Mathias/Bachelorarbeit/Weinhofer_LFB/Content/StarterContent/Textures/T_Concrete_Tiles_N.uasset" 620
"../../../../../Bachelorarbeit Mathias/Bachelorarbeit/Weinhofer_LFB/Content/StarterContent/Textures/T_Concrete_Tiles_Variation_M.uasset" 621
"../../../../../Bachelorarbeit Mathias/Bachelorarbeit/Weinhofer_LFB/Content/StarterContent/Materials/M_Concrete_Tiles.uasset" 622
"../../../../../Bachelorarbeit Mathias/Bachelorarbeit/Weinhofer_LFB/Content/StarterContent/Textures/T_Ground_Grass_D.uasset" 623
"../../../../../Bachelorarbeit Mathias/Bachelorarbeit/Weinhofer_LFB/Content/StarterContent/Textures/T_Ground_Grass_N.uasset" 624
"../../../../../Bachelorarbeit Mathias/Bachelorarbeit/Weinhofer_LFB/Content/StarterContent/Materials/M_Ground_Grass.uasset" 625
"../../../../../Bachelorarbeit Mathias/Bachelorarbeit/Weinhofer_LFB/Content/StarterContent/Textures/T_Ground_Gravel_D.uasset" 626
"../../../../../Bachelorarbeit Mathias/Bachelorarbeit/Weinhofer_LFB/Content/StarterContent/Textures/T_Ground_Gravel_N.uasset" 627
"../../../../../Bachelorarbeit Mathias/Bachelorarbeit/Weinhofer_LFB/Content/StarterContent/Materials/M_Ground_Gravel.uasset" 628
"../../../../../Bachelorarbeit Mathias/Bachelorarbeit/Weinhofer_LFB/Content/StarterContent/Textures/T_ground_Moss_D.uasset" 629
"../../../../../Bachelorarbeit Mathias/Bachelorarbeit/Weinhofer_LFB/Content/StarterContent/Textures/T_Ground_Moss_N.uasset" 630
"../../../../../Bachelorarbeit Mathias/Bachelorarbeit/Weinhofer_LFB/Content/StarterContent/Materials/M_Ground_Moss.uasset" 631
"../../../../../Bachelorarbeit Mathias/Bachelorarbeit/Weinhofer_LFB/Content/StarterContent/Materials/M_Metal_Chrome.uasset" 632
"../../../../../Bachelorarbeit Mathias/Bachelorarbeit/Weinhofer_LFB/Content/StarterContent/Textures/T_Metal_Gold_D.uasset" 633
"../../../../../Bachelorarbeit Mathias/Bachelorarbeit/Weinhofer_LFB/Content/StarterContent/Materials/M_Metal_Gold.uasset" 634
"../../../../../Bachelorarbeit Mathias/Bachelorarbeit/Weinhofer_LFB/Content/StarterContent/Textures/T_Metal_Rust_D.uasset" 635
"../../../../../Bachelorarbeit Mathias/Bachelorarbeit/Weinhofer_LFB/Content/StarterContent/Materials/M_Metal_Rust.uasset" 636
"../../../../../Bachelorarbeit Mathias/Bachelorarbeit/Weinhofer_LFB/Content/StarterContent/Textures/T_Metal_Steel_D.uasset" 637
"../../../../../Bachelorarbeit Mathias/Bachelorarbeit/Weinhofer_LFB/Content/StarterContent/Textures/T_Metal_Steel_N.uasset" 638
"../../../../../Bachelorarbeit Mathias/Bachelorarbeit/Weinhofer_LFB/Content/StarterContent/Materials/M_Metal_Steel.uasset" 639
"../../../../../Bachelorarbeit Mathias/Bachelorarbeit/Weinhofer_LFB/Content/StarterContent/Textures/T_Rock_Basalt_N.uasset" 640
"../../../../../Bachelorarbeit Mathias/Bachelorarbeit/Weinhofer_LFB/Content/StarterContent/Materials/M_Rock_Basalt.uasset" 641
"../../../../../Bachelorarbeit Mathias/Bachelorarbeit/Weinhofer_LFB/Content/StarterContent/Materials/M_Rock_Marble_Polished.uasset" 642
"../../../../../Bachelorarbeit Mathias/Bachelorarbeit/Weinhofer_LFB/Content/StarterContent/Textures/T_Rock_Sandstone_D.uasset" 643
"../../../../../Bachelorarbeit Mathias/Bachelorarbeit/Weinhofer_LFB/Content/StarterContent/Textures/T_Rock_Sandstone_N.uasset" 644
"../../../../../Bachelorarbeit Mathias/Bachelorarbeit/Weinhofer_LFB/Content/StarterContent/Materials/M_Rock_Sandstone.uasset" 645
"../../../../../Bachelorarbeit Mathias/Bachelorarbeit/Weinhofer_LFB/Content/StarterContent/Textures/T_Rock_Slate_D.uasset" 646
"../../../../../Bachelorarbeit Mathias/Bachelorarbeit/Weinhofer_LFB/Content/StarterContent/Textures/T_Rock_Slate_N.uasset" 647
"../../../../../Bachelorarbeit Mathias/Bachelorarbeit/Weinhofer_LFB/Content/StarterContent/Materials/M_Rock_Slate.uasset" 648
"../../../../../Bachelorarbeit Mathias/Bachelorarbeit/Weinhofer_LFB/Content/StarterContent/Textures/T_Checker_Noise_M.uasset" 649
"../../../../../Bachelorarbeit Mathias/Bachelorarbeit/Weinhofer_LFB/Content/StarterContent/Textures/T_Single_Tile_N.uasset" 650
"../../../../../Bachelorarbeit Mathias/Bachelorarbeit/Weinhofer_LFB/Content/StarterContent/Textures/T_Tech_Dot_M.uasset" 651
"../../../../../Bachelorarbeit Mathias/Bachelorarbeit/Weinhofer_LFB/Content/StarterContent/Textures/T_Tech_Dot_N.uasset" 652
"../../../../../Bachelorarbeit Mathias/Bachelorarbeit/Weinhofer_LFB/Content/StarterContent/Materials/M_Tech_Checker_Dot.uasset" 653
"../../../../../Bachelorarbeit Mathias/Bachelorarbeit/Weinhofer_LFB/Content/StarterContent/Textures/T_Tech_Hex_Tile_M.uasset" 654
"../../../../../Bachelorarbeit Mathias/Bachelorarbeit/Weinhofer_LFB/Content/StarterContent/Textures/T_Tech_Hex_Tile_N.uasset" 655
"../../../../../Bachelorarbeit Mathias/Bachelorarbeit/Weinhofer_LFB/Content/StarterContent/Materials/M_Tech_Hex_Tile.uasset" 656
"../../../../../Bachelorarbeit Mathias/Bachelorarbeit/Weinhofer_LFB/Content/StarterContent/Materials/M_Tech_Hex_Tile_Pulse.uasset" 657
"../../../../../Bachelorarbeit Mathias/Bachelorarbeit/Weinhofer_LFB/Content/StarterContent/Textures/T_Tech_Panel_M.uasset" 658
"../../../../../Bachelorarbeit Mathias/Bachelorarbeit/Weinhofer_LFB/Content/StarterContent/Textures/T_Tech_Panel_N.uasset" 659
"../../../../../Bachelorarbeit Mathias/Bachelorarbeit/Weinhofer_LFB/Content/StarterContent/Materials/M_Tech_Panel.uasset" 660
"../../../../../Bachelorarbeit Mathias/Bachelorarbeit/Weinhofer_LFB/Content/StarterContent/Materials/M_Water_Lake.uasset" 661
"../../../../../Bachelorarbeit Mathias/Bachelorarbeit/Weinhofer_LFB/Content/StarterContent/Textures/T_Water_M.uasset" 662
"../../../../../Bachelorarbeit Mathias/Bachelorarbeit/Weinhofer_LFB/Content/StarterContent/Materials/M_Water_Ocean.uasset" 663
"../../../../../Bachelorarbeit Mathias/Bachelorarbeit/Weinhofer_LFB/Content/StarterContent/Textures/T_Wood_Floor_Walnut_D.uasset" 664
"../../../../../Bachelorarbeit Mathias/Bachelorarbeit/Weinhofer_LFB/Content/StarterContent/Textures/T_Wood_Floor_Walnut_M.uasset" 665
"../../../../../Bachelorarbeit Mathias/Bachelorarbeit/Weinhofer_LFB/Content/StarterContent/Textures/T_Wood_Floor_Walnut_N.uasset" 666
"../../../../../Bachelorarbeit Mathias/Bachelorarbeit/Weinhofer_LFB/Content/StarterContent/Materials/M_Wood_Floor_Walnut_Polished.uasset" 667
"../../../Engine/Content/Functions/Engine_MaterialFunctions01/Opacity/AlphaOffset.uasset" 668
"../../../../../Bachelorarbeit Mathias/Bachelorarbeit/Weinhofer_LFB/Content/StarterContent/Materials/M_Wood_Floor_Walnut_Worn.uasset" 669
"../../../../../Bachelorarbeit Mathias/Bachelorarbeit/Weinhofer_LFB/Content/StarterContent/Textures/T_Wood_Oak_D.uasset" 670
"../../../../../Bachelorarbeit Mathias/Bachelorarbeit/Weinhofer_LFB/Content/StarterContent/Textures/T_Wood_Oak_N.uasset" 671
"../../../../../Bachelorarbeit Mathias/Bachelorarbeit/Weinhofer_LFB/Content/StarterContent/Materials/M_Wood_Oak.uasset" 672
"../../../../../Bachelorarbeit Mathias/Bachelorarbeit/Weinhofer_LFB/Content/StarterContent/Textures/T_Wood_Pine_D.uasset" 673
"../../../../../Bachelorarbeit Mathias/Bachelorarbeit/Weinhofer_LFB/Content/StarterContent/Textures/T_Wood_Pine_N.uasset" 674
"../../../../../Bachelorarbeit Mathias/Bachelorarbeit/Weinhofer_LFB/Content/StarterContent/Materials/M_Wood_Pine.uasset" 675
"../../../../../Bachelorarbeit Mathias/Bachelorarbeit/Weinhofer_LFB/Content/StarterContent/Textures/T_Wood_Walnut_D.uasset" 676
"../../../../../Bachelorarbeit Mathias/Bachelorarbeit/Weinhofer_LFB/Content/StarterContent/Textures/T_Wood_Walnut_N.uasset" 677
"../../../../../Bachelorarbeit Mathias/Bachelorarbeit/Weinhofer_LFB/Content/StarterContent/Materials/M_Wood_Walnut.uasset" 678
"../../../../../Bachelorarbeit Mathias/Bachelorarbeit/Weinhofer_LFB/Content/StarterContent/Architecture/Wall_400x200.uasset" 679
"../../../../../Bachelorarbeit Mathias/Bachelorarbeit/Weinhofer_LFB/Content/StarterContent/Architecture/Wall_Door_400x300.uasset" 680
"../../../../../Bachelorarbeit Mathias/Bachelorarbeit/Weinhofer_LFB/Content/StarterContent/Architecture/Wall_Window_400x300.uasset" 681
"../../../../../Bachelorarbeit Mathias/Bachelorarbeit/Weinhofer_LFB/Content/StarterContent/Audio/Collapse_Cue.uasset" 682
"../../../../../Bachelorarbeit Mathias/Bachelorarbeit/Weinhofer_LFB/Content/StarterContent/Audio/Starter_Music_Cue.uasset" 683
"../../../../../Bachelorarbeit Mathias/Bachelorarbeit/Weinhofer_LFB/Content/StarterContent/Textures/T_Dust_Particle_D.uasset" 684
"../../../../../Bachelorarbeit Mathias/Bachelorarbeit/Weinhofer_LFB/Content/StarterContent/Particles/Materials/M_Dust_Particle.uasset" 685
"../../../../../Bachelorarbeit Mathias/Bachelorarbeit/Weinhofer_LFB/Content/StarterContent/Particles/P_Ambient_Dust.uasset" 686
"../../../../../Bachelorarbeit Mathias/Bachelorarbeit/Weinhofer_LFB/Content/StarterContent/Props/MaterialSphere.uasset" 687
"../../../../../Bachelorarbeit Mathias/Bachelorarbeit/Weinhofer_LFB/Content/StarterContent/Textures/T_Frame_M.uasset" 688
"../../../../../Bachelorarbeit Mathias/Bachelorarbeit/Weinhofer_LFB/Content/StarterContent/Textures/T_Frame_N.uasset" 689
"../../../../../Bachelorarbeit Mathias/Bachelorarbeit/Weinhofer_LFB/Content/StarterContent/Props/Materials/M_Frame.uasset" 690
"../../../../../Bachelorarbeit Mathias/Bachelorarbeit/Weinhofer_LFB/Content/StarterContent/Props/SM_CornerFrame.uasset" 691
"../../../../../Bachelorarbeit Mathias/Bachelorarbeit/Weinhofer_LFB/Content/StarterContent/Props/SM_DoorFrame.uasset" 692
"../../../../../Bachelorarbeit Mathias/Bachelorarbeit/Weinhofer_LFB/Content/StarterContent/Props/SM_GlassWindow.uasset" 693
"../../../../../Bachelorarbeit Mathias/Bachelorarbeit/Weinhofer_LFB/Content/StarterContent/Props/SM_PillarFrame.uasset" 694
"../../../../../Bachelorarbeit Mathias/Bachelorarbeit/Weinhofer_LFB/Content/StarterContent/Props/SM_PillarFrame300.uasset" 695
"../../../../../Bachelorarbeit Mathias/Bachelorarbeit/Weinhofer_LFB/Content/StarterContent/Props/SM_WindowFrame.uasset" 696
"../../../../../Bachelorarbeit Mathias/Bachelorarbeit/Weinhofer_LFB/Content/StarterContent/Shapes/Shape_Cube.uasset" 697
"../../../../../Bachelorarbeit Mathias/Bachelorarbeit/Weinhofer_LFB/Content/StarterContent/Shapes/Shape_QuadPyramid.uasset" 698
"../../../../../Bachelorarbeit Mathias/Bachelorarbeit/Weinhofer_LFB/Content/StarterContent/Shapes/Shape_Sphere.uasset" 699
"../../../../../Bachelorarbeit Mathias/Bachelorarbeit/Weinhofer_LFB/Content/StarterContent/Maps/StarterMap.umap" 700
"../../../Engine/Content/Maps/Entry_BuiltData.uasset" 701
"../../../Engine/Content/Maps/Entry.umap" 702
